[2018-09-11T09:48:44.527] [INFO] default - ::1 - - "GET /index/0/1 HTTP/1.1" 302 56 "" "Mozilla/5.0 (Windows NT 10.0; Win64; x64) AppleWebKit/537.36 (KHTML, like Gecko) Chrome/68.0.3440.75 Safari/537.36"
[2018-09-11T09:48:46.005] [INFO] default - ::1 - - "GET /login HTTP/1.1" 304 - "" "Mozilla/5.0 (Windows NT 10.0; Win64; x64) AppleWebKit/537.36 (KHTML, like Gecko) Chrome/68.0.3440.75 Safari/537.36"
[2018-09-11T09:48:52.356] [INFO] default - ::1 - - "GET /favicon.ico HTTP/1.1" 404 150 "http://localhost:8080/login" "Mozilla/5.0 (Windows NT 10.0; Win64; x64) AppleWebKit/537.36 (KHTML, like Gecko) Chrome/68.0.3440.75 Safari/537.36"
[2018-09-11T09:48:55.598] [INFO] default - ::1 - - "GET /checkuser?username=wjy&pwd=123 HTTP/1.1" 302 62 "http://localhost:8080/login" "Mozilla/5.0 (Windows NT 10.0; Win64; x64) AppleWebKit/537.36 (KHTML, like Gecko) Chrome/68.0.3440.75 Safari/537.36"
[2018-09-11T09:48:55.835] [INFO] default - ::1 - - "GET /index/0/1 HTTP/1.1" 200 8104 "http://localhost:8080/login" "Mozilla/5.0 (Windows NT 10.0; Win64; x64) AppleWebKit/537.36 (KHTML, like Gecko) Chrome/68.0.3440.75 Safari/537.36"
[2018-09-11T09:49:10.454] [INFO] default - ::1 - - "GET /playing HTTP/1.1" 304 - "http://localhost:8080/index/0/1" "Mozilla/5.0 (Windows NT 10.0; Win64; x64) AppleWebKit/537.36 (KHTML, like Gecko) Chrome/68.0.3440.75 Safari/537.36"
[2018-09-11T09:49:12.877] [INFO] default - ::1 - - "GET /public/upload/ HTTP/1.1" 404 153 "http://localhost:8080/playing" "Mozilla/5.0 (Windows NT 10.0; Win64; x64) AppleWebKit/537.36 (KHTML, like Gecko) Chrome/68.0.3440.75 Safari/537.36"
[2018-09-11T09:49:25.312] [INFO] default - ::1 - - "GET /playing HTTP/1.1" 304 - "http://localhost:8080/playing" "Mozilla/5.0 (Windows NT 10.0; Win64; x64) AppleWebKit/537.36 (KHTML, like Gecko) Chrome/68.0.3440.75 Safari/537.36"
[2018-09-11T09:49:44.609] [INFO] default - ::1 - - "GET /playing HTTP/1.1" 304 - "http://localhost:8080/index/0/1" "Mozilla/5.0 (Windows NT 10.0; Win64; x64) AppleWebKit/537.36 (KHTML, like Gecko) Chrome/68.0.3440.75 Safari/537.36"
[2018-09-11T09:49:44.636] [INFO] default - ::1 - - "GET /public/upload/ HTTP/1.1" 404 153 "http://localhost:8080/playing" "Mozilla/5.0 (Windows NT 10.0; Win64; x64) AppleWebKit/537.36 (KHTML, like Gecko) Chrome/68.0.3440.75 Safari/537.36"
[2018-09-11T09:51:22.650] [INFO] default - ::1 - - "GET /playing HTTP/1.1" 302 56 "" "Mozilla/5.0 (Windows NT 10.0; Win64; x64) AppleWebKit/537.36 (KHTML, like Gecko) Chrome/68.0.3440.75 Safari/537.36"
[2018-09-11T09:51:22.679] [INFO] default - ::1 - - "GET /login HTTP/1.1" 304 - "" "Mozilla/5.0 (Windows NT 10.0; Win64; x64) AppleWebKit/537.36 (KHTML, like Gecko) Chrome/68.0.3440.75 Safari/537.36"
[2018-09-11T09:51:27.304] [INFO] default - ::1 - - "GET /checkuser?username=wjy&pwd=123 HTTP/1.1" 302 62 "http://localhost:8080/login" "Mozilla/5.0 (Windows NT 10.0; Win64; x64) AppleWebKit/537.36 (KHTML, like Gecko) Chrome/68.0.3440.75 Safari/537.36"
[2018-09-11T09:51:27.401] [INFO] default - ::1 - - "GET /index/0/1 HTTP/1.1" 304 - "http://localhost:8080/login" "Mozilla/5.0 (Windows NT 10.0; Win64; x64) AppleWebKit/537.36 (KHTML, like Gecko) Chrome/68.0.3440.75 Safari/537.36"
[2018-09-11T09:51:28.680] [INFO] default - ::1 - - "GET /playing HTTP/1.1" 200 6267 "http://localhost:8080/index/0/1" "Mozilla/5.0 (Windows NT 10.0; Win64; x64) AppleWebKit/537.36 (KHTML, like Gecko) Chrome/68.0.3440.75 Safari/537.36"
[2018-09-11T09:51:28.733] [INFO] default - ::1 - - "GET /public/upload/ HTTP/1.1" 404 153 "http://localhost:8080/playing" "Mozilla/5.0 (Windows NT 10.0; Win64; x64) AppleWebKit/537.36 (KHTML, like Gecko) Chrome/68.0.3440.75 Safari/537.36"
[2018-09-11T09:53:32.537] [INFO] default - ::1 - - "GET /playing HTTP/1.1" 304 - "http://localhost:8080/index/0/1" "Mozilla/5.0 (Windows NT 10.0; Win64; x64) AppleWebKit/537.36 (KHTML, like Gecko) Chrome/68.0.3440.75 Safari/537.36"
[2018-09-11T09:53:42.745] [INFO] default - ::1 - - "GET /playing HTTP/1.1" 302 56 "http://localhost:8080/index/0/1" "Mozilla/5.0 (Windows NT 10.0; Win64; x64) AppleWebKit/537.36 (KHTML, like Gecko) Chrome/68.0.3440.75 Safari/537.36"
[2018-09-11T09:53:42.758] [INFO] default - ::1 - - "GET /login HTTP/1.1" 304 - "http://localhost:8080/index/0/1" "Mozilla/5.0 (Windows NT 10.0; Win64; x64) AppleWebKit/537.36 (KHTML, like Gecko) Chrome/68.0.3440.75 Safari/537.36"
[2018-09-11T09:53:42.908] [INFO] default - ::1 - - "GET /login HTTP/1.1" 304 - "http://localhost:8080/index/0/1" "Mozilla/5.0 (Windows NT 10.0; Win64; x64) AppleWebKit/537.36 (KHTML, like Gecko) Chrome/68.0.3440.75 Safari/537.36"
[2018-09-11T09:53:46.421] [INFO] default - ::1 - - "GET /checkuser?username=wjy&pwd=123 HTTP/1.1" 302 62 "http://localhost:8080/login" "Mozilla/5.0 (Windows NT 10.0; Win64; x64) AppleWebKit/537.36 (KHTML, like Gecko) Chrome/68.0.3440.75 Safari/537.36"
[2018-09-11T09:53:46.438] [INFO] default - ::1 - - "GET /index/0/1 HTTP/1.1" 304 - "http://localhost:8080/login" "Mozilla/5.0 (Windows NT 10.0; Win64; x64) AppleWebKit/537.36 (KHTML, like Gecko) Chrome/68.0.3440.75 Safari/537.36"
[2018-09-11T09:53:47.997] [INFO] default - ::1 - - "GET /playing HTTP/1.1" 200 6267 "http://localhost:8080/index/0/1" "Mozilla/5.0 (Windows NT 10.0; Win64; x64) AppleWebKit/537.36 (KHTML, like Gecko) Chrome/68.0.3440.75 Safari/537.36"
[2018-09-11T09:53:48.027] [INFO] default - ::1 - - "GET /public/upload/ HTTP/1.1" 404 153 "http://localhost:8080/playing" "Mozilla/5.0 (Windows NT 10.0; Win64; x64) AppleWebKit/537.36 (KHTML, like Gecko) Chrome/68.0.3440.75 Safari/537.36"
[2018-09-11T09:56:17.827] [INFO] default - ::1 - - "GET /playing HTTP/1.1" 304 - "http://localhost:8080/index/0/1" "Mozilla/5.0 (Windows NT 10.0; Win64; x64) AppleWebKit/537.36 (KHTML, like Gecko) Chrome/68.0.3440.75 Safari/537.36"
[2018-09-11T09:56:27.161] [INFO] default - ::1 - - "GET /playing HTTP/1.1" 302 56 "http://localhost:8080/index/0/1" "Mozilla/5.0 (Windows NT 10.0; Win64; x64) AppleWebKit/537.36 (KHTML, like Gecko) Chrome/68.0.3440.75 Safari/537.36"
[2018-09-11T09:57:26.489] [INFO] default - ::1 - - "GET /playing HTTP/1.1" 302 56 "http://localhost:8080/index/0/1" "Mozilla/5.0 (Windows NT 10.0; Win64; x64) AppleWebKit/537.36 (KHTML, like Gecko) Chrome/68.0.3440.75 Safari/537.36"
[2018-09-11T09:57:26.518] [INFO] default - ::1 - - "GET /login HTTP/1.1" 200 1064 "http://localhost:8080/index/0/1" "Mozilla/5.0 (Windows NT 10.0; Win64; x64) AppleWebKit/537.36 (KHTML, like Gecko) Chrome/68.0.3440.75 Safari/537.36"
[2018-09-11T09:57:35.256] [INFO] default - ::1 - - "GET /checkuser?username=wjy&pwd=123 HTTP/1.1" 302 62 "http://localhost:8080/login" "Mozilla/5.0 (Windows NT 10.0; Win64; x64) AppleWebKit/537.36 (KHTML, like Gecko) Chrome/68.0.3440.75 Safari/537.36"
[2018-09-11T09:57:35.272] [INFO] default - ::1 - - "GET /index/0/1 HTTP/1.1" 304 - "http://localhost:8080/login" "Mozilla/5.0 (Windows NT 10.0; Win64; x64) AppleWebKit/537.36 (KHTML, like Gecko) Chrome/68.0.3440.75 Safari/537.36"
[2018-09-11T09:57:36.128] [INFO] default - ::1 - - "GET /playing HTTP/1.1" 200 6267 "http://localhost:8080/index/0/1" "Mozilla/5.0 (Windows NT 10.0; Win64; x64) AppleWebKit/537.36 (KHTML, like Gecko) Chrome/68.0.3440.75 Safari/537.36"
[2018-09-11T09:57:36.154] [INFO] default - ::1 - - "GET /public/upload/ HTTP/1.1" 404 153 "http://localhost:8080/playing" "Mozilla/5.0 (Windows NT 10.0; Win64; x64) AppleWebKit/537.36 (KHTML, like Gecko) Chrome/68.0.3440.75 Safari/537.36"
[2018-09-11T10:13:10.449] [INFO] default - ::1 - - "GET /playing HTTP/1.1" 302 56 "" "Mozilla/5.0 (Windows NT 10.0; Win64; x64) AppleWebKit/537.36 (KHTML, like Gecko) Chrome/68.0.3440.75 Safari/537.36"
[2018-09-11T10:13:10.482] [INFO] default - ::1 - - "GET /login HTTP/1.1" 304 - "" "Mozilla/5.0 (Windows NT 10.0; Win64; x64) AppleWebKit/537.36 (KHTML, like Gecko) Chrome/68.0.3440.75 Safari/537.36"
[2018-09-11T10:13:13.984] [INFO] default - ::1 - - "GET /checkuser?username=wjy&pwd=123 HTTP/1.1" 302 62 "http://localhost:8080/login" "Mozilla/5.0 (Windows NT 10.0; Win64; x64) AppleWebKit/537.36 (KHTML, like Gecko) Chrome/68.0.3440.75 Safari/537.36"
[2018-09-11T10:13:14.131] [INFO] default - ::1 - - "GET /index/0/1 HTTP/1.1" 304 - "http://localhost:8080/login" "Mozilla/5.0 (Windows NT 10.0; Win64; x64) AppleWebKit/537.36 (KHTML, like Gecko) Chrome/68.0.3440.75 Safari/537.36"
[2018-09-11T10:13:15.499] [INFO] default - ::1 - - "GET /playing HTTP/1.1" 200 6267 "http://localhost:8080/index/0/1" "Mozilla/5.0 (Windows NT 10.0; Win64; x64) AppleWebKit/537.36 (KHTML, like Gecko) Chrome/68.0.3440.75 Safari/537.36"
[2018-09-11T10:13:15.530] [INFO] default - ::1 - - "GET /public/upload/ HTTP/1.1" 404 153 "http://localhost:8080/playing" "Mozilla/5.0 (Windows NT 10.0; Win64; x64) AppleWebKit/537.36 (KHTML, like Gecko) Chrome/68.0.3440.75 Safari/537.36"
[2018-09-11T10:17:35.920] [INFO] default - ::1 - - "GET /playing HTTP/1.1" 302 56 "http://localhost:8080/index/0/1" "Mozilla/5.0 (Windows NT 10.0; Win64; x64) AppleWebKit/537.36 (KHTML, like Gecko) Chrome/68.0.3440.75 Safari/537.36"
[2018-09-11T10:17:35.941] [INFO] default - ::1 - - "GET /login HTTP/1.1" 304 - "http://localhost:8080/index/0/1" "Mozilla/5.0 (Windows NT 10.0; Win64; x64) AppleWebKit/537.36 (KHTML, like Gecko) Chrome/68.0.3440.75 Safari/537.36"
[2018-09-11T10:17:39.464] [INFO] default - ::ffff:127.0.0.1 - - "GET /checkuser?username=wjy&pwd=123 HTTP/1.1" 302 62 "http://localhost:8080/login" "Mozilla/5.0 (Windows NT 10.0; Win64; x64) AppleWebKit/537.36 (KHTML, like Gecko) Chrome/68.0.3440.75 Safari/537.36"
[2018-09-11T10:17:39.482] [INFO] default - ::ffff:127.0.0.1 - - "GET /index/0/1 HTTP/1.1" 304 - "http://localhost:8080/login" "Mozilla/5.0 (Windows NT 10.0; Win64; x64) AppleWebKit/537.36 (KHTML, like Gecko) Chrome/68.0.3440.75 Safari/537.36"
[2018-09-11T10:17:40.564] [INFO] default - ::1 - - "GET /playing HTTP/1.1" 200 6267 "http://localhost:8080/index/0/1" "Mozilla/5.0 (Windows NT 10.0; Win64; x64) AppleWebKit/537.36 (KHTML, like Gecko) Chrome/68.0.3440.75 Safari/537.36"
[2018-09-11T10:17:40.588] [INFO] default - ::ffff:127.0.0.1 - - "GET /public/upload/ HTTP/1.1" 404 153 "http://localhost:8080/playing" "Mozilla/5.0 (Windows NT 10.0; Win64; x64) AppleWebKit/537.36 (KHTML, like Gecko) Chrome/68.0.3440.75 Safari/537.36"
[2018-09-11T10:18:03.164] [INFO] default - ::1 - - "GET /playing HTTP/1.1" 302 56 "" "Mozilla/5.0 (Windows NT 10.0; Win64; x64) AppleWebKit/537.36 (KHTML, like Gecko) Chrome/68.0.3440.75 Safari/537.36"
[2018-09-11T10:18:03.175] [INFO] default - ::1 - - "GET /login HTTP/1.1" 304 - "" "Mozilla/5.0 (Windows NT 10.0; Win64; x64) AppleWebKit/537.36 (KHTML, like Gecko) Chrome/68.0.3440.75 Safari/537.36"
[2018-09-11T10:18:08.415] [INFO] default - ::1 - - "GET /checkuser?username=wjy&pwd=123 HTTP/1.1" 302 62 "http://localhost:8080/login" "Mozilla/5.0 (Windows NT 10.0; Win64; x64) AppleWebKit/537.36 (KHTML, like Gecko) Chrome/68.0.3440.75 Safari/537.36"
[2018-09-11T10:18:08.432] [INFO] default - ::1 - - "GET /index/0/1 HTTP/1.1" 304 - "http://localhost:8080/login" "Mozilla/5.0 (Windows NT 10.0; Win64; x64) AppleWebKit/537.36 (KHTML, like Gecko) Chrome/68.0.3440.75 Safari/537.36"
[2018-09-11T10:18:09.202] [INFO] default - ::1 - - "GET /playing HTTP/1.1" 200 6267 "http://localhost:8080/index/0/1" "Mozilla/5.0 (Windows NT 10.0; Win64; x64) AppleWebKit/537.36 (KHTML, like Gecko) Chrome/68.0.3440.75 Safari/537.36"
[2018-09-11T10:18:09.228] [INFO] default - ::1 - - "GET /public/upload/ HTTP/1.1" 404 153 "http://localhost:8080/playing" "Mozilla/5.0 (Windows NT 10.0; Win64; x64) AppleWebKit/537.36 (KHTML, like Gecko) Chrome/68.0.3440.75 Safari/537.36"
[2018-09-11T16:51:47.793] [INFO] default - ::1 - - "GET /index/0/1 HTTP/1.1" 302 56 "" "Mozilla/5.0 (Windows NT 10.0; Win64; x64) AppleWebKit/537.36 (KHTML, like Gecko) Chrome/68.0.3440.75 Safari/537.36"
[2018-09-11T16:51:48.021] [INFO] default - ::1 - - "GET /login HTTP/1.1" 304 - "" "Mozilla/5.0 (Windows NT 10.0; Win64; x64) AppleWebKit/537.36 (KHTML, like Gecko) Chrome/68.0.3440.75 Safari/537.36"
[2018-09-11T16:51:49.762] [INFO] default - ::1 - - "GET /favicon.ico HTTP/1.1" 404 150 "http://localhost:8080/login" "Mozilla/5.0 (Windows NT 10.0; Win64; x64) AppleWebKit/537.36 (KHTML, like Gecko) Chrome/68.0.3440.75 Safari/537.36"
[2018-09-11T16:51:55.155] [INFO] default - ::1 - - "GET /checkuser?username=wjy&pwd=123 HTTP/1.1" 302 62 "http://localhost:8080/login" "Mozilla/5.0 (Windows NT 10.0; Win64; x64) AppleWebKit/537.36 (KHTML, like Gecko) Chrome/68.0.3440.75 Safari/537.36"
[2018-09-11T16:52:00.023] [INFO] default - ::1 - - "GET /index/0/1 HTTP/1.1" 200 8104 "http://localhost:8080/login" "Mozilla/5.0 (Windows NT 10.0; Win64; x64) AppleWebKit/537.36 (KHTML, like Gecko) Chrome/68.0.3440.75 Safari/537.36"
[2018-09-11T16:56:15.155] [INFO] default - ::1 - - "GET /index/0/1 HTTP/1.1" 302 56 "http://localhost:8080/login" "Mozilla/5.0 (Windows NT 10.0; Win64; x64) AppleWebKit/537.36 (KHTML, like Gecko) Chrome/68.0.3440.75 Safari/537.36"
[2018-09-11T16:56:15.168] [INFO] default - ::1 - - "GET /login HTTP/1.1" 304 - "http://localhost:8080/login" "Mozilla/5.0 (Windows NT 10.0; Win64; x64) AppleWebKit/537.36 (KHTML, like Gecko) Chrome/68.0.3440.75 Safari/537.36"
[2018-09-11T16:56:20.028] [INFO] default - ::1 - - "GET /checkuser?username=wjy&pwd=123 HTTP/1.1" 302 62 "http://localhost:8080/login" "Mozilla/5.0 (Windows NT 10.0; Win64; x64) AppleWebKit/537.36 (KHTML, like Gecko) Chrome/68.0.3440.75 Safari/537.36"
[2018-09-11T16:56:20.046] [INFO] default - ::1 - - "GET /index/0/1 HTTP/1.1" 200 8104 "http://localhost:8080/login" "Mozilla/5.0 (Windows NT 10.0; Win64; x64) AppleWebKit/537.36 (KHTML, like Gecko) Chrome/68.0.3440.75 Safari/537.36"
[2018-09-11T16:56:22.765] [INFO] default - ::1 - - "GET /playing HTTP/1.1" 304 - "http://localhost:8080/index/0/1" "Mozilla/5.0 (Windows NT 10.0; Win64; x64) AppleWebKit/537.36 (KHTML, like Gecko) Chrome/68.0.3440.75 Safari/537.36"
[2018-09-11T16:56:22.888] [INFO] default - ::1 - - "GET /public/upload/ HTTP/1.1" 404 153 "http://localhost:8080/playing" "Mozilla/5.0 (Windows NT 10.0; Win64; x64) AppleWebKit/537.36 (KHTML, like Gecko) Chrome/68.0.3440.75 Safari/537.36"
[2018-09-11T17:05:06.943] [INFO] default - ::1 - - "GET /login HTTP/1.1" 200 1064 "" "Mozilla/5.0 (Windows NT 10.0; Win64; x64) AppleWebKit/537.36 (KHTML, like Gecko) Chrome/68.0.3440.75 Safari/537.36"
[2018-09-11T17:05:14.673] [INFO] default - ::1 - - "GET /checkuser?username=wjy&pwd=123 HTTP/1.1" 302 62 "http://localhost:8080/login" "Mozilla/5.0 (Windows NT 10.0; Win64; x64) AppleWebKit/537.36 (KHTML, like Gecko) Chrome/68.0.3440.75 Safari/537.36"
[2018-09-11T17:05:14.697] [INFO] default - ::1 - - "GET /index/0/1 HTTP/1.1" 304 - "http://localhost:8080/login" "Mozilla/5.0 (Windows NT 10.0; Win64; x64) AppleWebKit/537.36 (KHTML, like Gecko) Chrome/68.0.3440.75 Safari/537.36"
[2018-09-11T17:05:15.879] [INFO] default - ::1 - - "GET /playing HTTP/1.1" 200 6267 "http://localhost:8080/index/0/1" "Mozilla/5.0 (Windows NT 10.0; Win64; x64) AppleWebKit/537.36 (KHTML, like Gecko) Chrome/68.0.3440.75 Safari/537.36"
[2018-09-11T17:05:15.943] [INFO] default - ::1 - - "GET /public/upload/ HTTP/1.1" 404 153 "http://localhost:8080/playing" "Mozilla/5.0 (Windows NT 10.0; Win64; x64) AppleWebKit/537.36 (KHTML, like Gecko) Chrome/68.0.3440.75 Safari/537.36"
[2018-09-11T17:05:53.388] [INFO] default - ::1 - - "GET /playing HTTP/1.1" 302 56 "http://localhost:8080/playing" "Mozilla/5.0 (Windows NT 10.0; Win64; x64) AppleWebKit/537.36 (KHTML, like Gecko) Chrome/68.0.3440.75 Safari/537.36"
[2018-09-11T17:05:53.403] [INFO] default - ::1 - - "GET /login HTTP/1.1" 304 - "http://localhost:8080/playing" "Mozilla/5.0 (Windows NT 10.0; Win64; x64) AppleWebKit/537.36 (KHTML, like Gecko) Chrome/68.0.3440.75 Safari/537.36"
[2018-09-11T17:05:56.367] [INFO] default - ::1 - - "GET /checkuser?username=wjy&pwd=123 HTTP/1.1" 302 62 "http://localhost:8080/login" "Mozilla/5.0 (Windows NT 10.0; Win64; x64) AppleWebKit/537.36 (KHTML, like Gecko) Chrome/68.0.3440.75 Safari/537.36"
[2018-09-11T17:05:56.383] [INFO] default - ::1 - - "GET /index/0/1 HTTP/1.1" 304 - "http://localhost:8080/login" "Mozilla/5.0 (Windows NT 10.0; Win64; x64) AppleWebKit/537.36 (KHTML, like Gecko) Chrome/68.0.3440.75 Safari/537.36"
[2018-09-11T17:05:56.997] [INFO] default - ::1 - - "GET /playing HTTP/1.1" 200 6267 "http://localhost:8080/index/0/1" "Mozilla/5.0 (Windows NT 10.0; Win64; x64) AppleWebKit/537.36 (KHTML, like Gecko) Chrome/68.0.3440.75 Safari/537.36"
[2018-09-11T17:05:57.028] [INFO] default - ::1 - - "GET /public/upload/ HTTP/1.1" 404 153 "http://localhost:8080/playing" "Mozilla/5.0 (Windows NT 10.0; Win64; x64) AppleWebKit/537.36 (KHTML, like Gecko) Chrome/68.0.3440.75 Safari/537.36"
[2018-09-11T17:06:27.638] [INFO] default - ::ffff:127.0.0.1 - - "GET /playing HTTP/1.1" 302 56 "" "Mozilla/5.0 (Windows NT 10.0; Win64; x64) AppleWebKit/537.36 (KHTML, like Gecko) Chrome/68.0.3440.75 Safari/537.36"
[2018-09-11T17:06:27.652] [INFO] default - ::ffff:127.0.0.1 - - "GET /login HTTP/1.1" 304 - "" "Mozilla/5.0 (Windows NT 10.0; Win64; x64) AppleWebKit/537.36 (KHTML, like Gecko) Chrome/68.0.3440.75 Safari/537.36"
[2018-09-11T17:06:31.776] [INFO] default - ::1 - - "GET /checkuser?username=wjy&pwd=123 HTTP/1.1" 302 62 "http://localhost:8080/login" "Mozilla/5.0 (Windows NT 10.0; Win64; x64) AppleWebKit/537.36 (KHTML, like Gecko) Chrome/68.0.3440.75 Safari/537.36"
[2018-09-11T17:06:31.793] [INFO] default - ::1 - - "GET /index/0/1 HTTP/1.1" 304 - "http://localhost:8080/login" "Mozilla/5.0 (Windows NT 10.0; Win64; x64) AppleWebKit/537.36 (KHTML, like Gecko) Chrome/68.0.3440.75 Safari/537.36"
[2018-09-11T17:06:33.185] [INFO] default - ::1 - - "GET /playing HTTP/1.1" 200 6267 "http://localhost:8080/index/0/1" "Mozilla/5.0 (Windows NT 10.0; Win64; x64) AppleWebKit/537.36 (KHTML, like Gecko) Chrome/68.0.3440.75 Safari/537.36"
[2018-09-11T17:06:33.218] [INFO] default - ::1 - - "GET /public/upload/ HTTP/1.1" 404 153 "http://localhost:8080/playing" "Mozilla/5.0 (Windows NT 10.0; Win64; x64) AppleWebKit/537.36 (KHTML, like Gecko) Chrome/68.0.3440.75 Safari/537.36"
[2018-09-11T17:06:59.043] [INFO] default - ::1 - - "GET /playing HTTP/1.1" 304 - "http://localhost:8080/index/0/1" "Mozilla/5.0 (Windows NT 10.0; Win64; x64) AppleWebKit/537.36 (KHTML, like Gecko) Chrome/68.0.3440.75 Safari/537.36"
[2018-09-11T17:07:07.305] [INFO] default - ::1 - - "GET /playing HTTP/1.1" 302 56 "http://localhost:8080/index/0/1" "Mozilla/5.0 (Windows NT 10.0; Win64; x64) AppleWebKit/537.36 (KHTML, like Gecko) Chrome/68.0.3440.75 Safari/537.36"
[2018-09-11T17:07:07.320] [INFO] default - ::1 - - "GET /login HTTP/1.1" 304 - "http://localhost:8080/index/0/1" "Mozilla/5.0 (Windows NT 10.0; Win64; x64) AppleWebKit/537.36 (KHTML, like Gecko) Chrome/68.0.3440.75 Safari/537.36"
[2018-09-11T17:07:10.178] [INFO] default - ::1 - - "GET /checkuser?username=wjy&pwd=123 HTTP/1.1" 302 62 "http://localhost:8080/login" "Mozilla/5.0 (Windows NT 10.0; Win64; x64) AppleWebKit/537.36 (KHTML, like Gecko) Chrome/68.0.3440.75 Safari/537.36"
[2018-09-11T17:07:10.195] [INFO] default - ::1 - - "GET /index/0/1 HTTP/1.1" 304 - "http://localhost:8080/login" "Mozilla/5.0 (Windows NT 10.0; Win64; x64) AppleWebKit/537.36 (KHTML, like Gecko) Chrome/68.0.3440.75 Safari/537.36"
[2018-09-11T17:07:10.853] [INFO] default - ::1 - - "GET /playing HTTP/1.1" 200 6267 "http://localhost:8080/index/0/1" "Mozilla/5.0 (Windows NT 10.0; Win64; x64) AppleWebKit/537.36 (KHTML, like Gecko) Chrome/68.0.3440.75 Safari/537.36"
[2018-09-11T17:07:10.878] [INFO] default - ::1 - - "GET /public/upload/ HTTP/1.1" 404 153 "http://localhost:8080/playing" "Mozilla/5.0 (Windows NT 10.0; Win64; x64) AppleWebKit/537.36 (KHTML, like Gecko) Chrome/68.0.3440.75 Safari/537.36"
[2018-09-11T17:09:14.254] [INFO] default - ::1 - - "GET /playing HTTP/1.1" 302 56 "http://localhost:8080/index/0/1" "Mozilla/5.0 (Windows NT 10.0; Win64; x64) AppleWebKit/537.36 (KHTML, like Gecko) Chrome/68.0.3440.75 Safari/537.36"
[2018-09-11T17:09:14.265] [INFO] default - ::1 - - "GET /login HTTP/1.1" 304 - "http://localhost:8080/index/0/1" "Mozilla/5.0 (Windows NT 10.0; Win64; x64) AppleWebKit/537.36 (KHTML, like Gecko) Chrome/68.0.3440.75 Safari/537.36"
[2018-09-11T17:09:17.625] [INFO] default - ::1 - - "GET /checkuser?username=wjy&pwd=123 HTTP/1.1" 302 62 "http://localhost:8080/login" "Mozilla/5.0 (Windows NT 10.0; Win64; x64) AppleWebKit/537.36 (KHTML, like Gecko) Chrome/68.0.3440.75 Safari/537.36"
[2018-09-11T17:09:17.642] [INFO] default - ::1 - - "GET /index/0/1 HTTP/1.1" 304 - "http://localhost:8080/login" "Mozilla/5.0 (Windows NT 10.0; Win64; x64) AppleWebKit/537.36 (KHTML, like Gecko) Chrome/68.0.3440.75 Safari/537.36"
[2018-09-11T17:09:18.779] [INFO] default - ::1 - - "GET /playing HTTP/1.1" 200 6267 "http://localhost:8080/index/0/1" "Mozilla/5.0 (Windows NT 10.0; Win64; x64) AppleWebKit/537.36 (KHTML, like Gecko) Chrome/68.0.3440.75 Safari/537.36"
[2018-09-11T17:09:18.807] [INFO] default - ::1 - - "GET /public/upload/ HTTP/1.1" 404 153 "http://localhost:8080/playing" "Mozilla/5.0 (Windows NT 10.0; Win64; x64) AppleWebKit/537.36 (KHTML, like Gecko) Chrome/68.0.3440.75 Safari/537.36"
[2018-09-11T17:09:46.149] [INFO] default - ::ffff:127.0.0.1 - - "GET /playing HTTP/1.1" 302 56 "http://localhost:8080/index/0/1" "Mozilla/5.0 (Windows NT 10.0; Win64; x64) AppleWebKit/537.36 (KHTML, like Gecko) Chrome/68.0.3440.75 Safari/537.36"
[2018-09-11T17:09:46.153] [INFO] default - ::ffff:127.0.0.1 - - "GET /public/upload/ HTTP/1.1" 404 153 "http://localhost:8080/playing" "Mozilla/5.0 (Windows NT 10.0; Win64; x64) AppleWebKit/537.36 (KHTML, like Gecko) Chrome/68.0.3440.75 Safari/537.36"
[2018-09-11T17:09:46.165] [INFO] default - ::ffff:127.0.0.1 - - "GET /login HTTP/1.1" 304 - "http://localhost:8080/index/0/1" "Mozilla/5.0 (Windows NT 10.0; Win64; x64) AppleWebKit/537.36 (KHTML, like Gecko) Chrome/68.0.3440.75 Safari/537.36"
[2018-09-11T17:09:49.923] [INFO] default - ::1 - - "GET /checkuser?username=wjy&pwd=123 HTTP/1.1" 302 62 "http://localhost:8080/login" "Mozilla/5.0 (Windows NT 10.0; Win64; x64) AppleWebKit/537.36 (KHTML, like Gecko) Chrome/68.0.3440.75 Safari/537.36"
[2018-09-11T17:09:49.940] [INFO] default - ::1 - - "GET /index/0/1 HTTP/1.1" 304 - "http://localhost:8080/login" "Mozilla/5.0 (Windows NT 10.0; Win64; x64) AppleWebKit/537.36 (KHTML, like Gecko) Chrome/68.0.3440.75 Safari/537.36"
[2018-09-11T17:09:50.973] [INFO] default - ::1 - - "GET /playing HTTP/1.1" 200 6267 "http://localhost:8080/index/0/1" "Mozilla/5.0 (Windows NT 10.0; Win64; x64) AppleWebKit/537.36 (KHTML, like Gecko) Chrome/68.0.3440.75 Safari/537.36"
[2018-09-11T17:09:50.999] [INFO] default - ::1 - - "GET /public/upload/ HTTP/1.1" 404 153 "http://localhost:8080/playing" "Mozilla/5.0 (Windows NT 10.0; Win64; x64) AppleWebKit/537.36 (KHTML, like Gecko) Chrome/68.0.3440.75 Safari/537.36"
