[2018-09-10T09:31:30.556] [INFO] default - ::1 - - "GET /index/0/1 HTTP/1.1" 302 56 "" "Mozilla/5.0 (Windows NT 10.0; Win64; x64) AppleWebKit/537.36 (KHTML, like Gecko) Chrome/68.0.3440.75 Safari/537.36"
[2018-09-10T09:31:37.671] [INFO] default - ::1 - - "GET /index/0/1 HTTP/1.1" 302 56 "" "Mozilla/5.0 (Windows NT 10.0; Win64; x64) AppleWebKit/537.36 (KHTML, like Gecko) Chrome/68.0.3440.75 Safari/537.36"
[2018-09-10T09:31:37.766] [INFO] default - ::1 - - "GET /login HTTP/1.1" 200 1064 "" "Mozilla/5.0 (Windows NT 10.0; Win64; x64) AppleWebKit/537.36 (KHTML, like Gecko) Chrome/68.0.3440.75 Safari/537.36"
[2018-09-10T09:31:41.267] [INFO] default - ::1 - - "GET /favicon.ico HTTP/1.1" 404 150 "http://localhost:8080/login" "Mozilla/5.0 (Windows NT 10.0; Win64; x64) AppleWebKit/537.36 (KHTML, like Gecko) Chrome/68.0.3440.75 Safari/537.36"
[2018-09-10T09:31:44.620] [INFO] default - ::1 - - "GET /checkuser?username=wjy&pwd=123 HTTP/1.1" 302 62 "http://localhost:8080/login" "Mozilla/5.0 (Windows NT 10.0; Win64; x64) AppleWebKit/537.36 (KHTML, like Gecko) Chrome/68.0.3440.75 Safari/537.36"
[2018-09-10T09:31:44.914] [INFO] default - ::1 - - "GET /index/0/1 HTTP/1.1" 200 7330 "http://localhost:8080/login" "Mozilla/5.0 (Windows NT 10.0; Win64; x64) AppleWebKit/537.36 (KHTML, like Gecko) Chrome/68.0.3440.75 Safari/537.36"
[2018-09-10T09:48:20.082] [INFO] default - ::1 - - "GET /index/0/1 HTTP/1.1" 200 7524 "http://localhost:8080/login" "Mozilla/5.0 (Windows NT 10.0; Win64; x64) AppleWebKit/537.36 (KHTML, like Gecko) Chrome/68.0.3440.75 Safari/537.36"
[2018-09-10T09:49:36.987] [INFO] default - ::1 - - "GET /index/0/1 HTTP/1.1" 200 7530 "http://localhost:8080/login" "Mozilla/5.0 (Windows NT 10.0; Win64; x64) AppleWebKit/537.36 (KHTML, like Gecko) Chrome/68.0.3440.75 Safari/537.36"
[2018-09-10T09:50:19.563] [INFO] default - ::1 - - "GET /index/0/1 HTTP/1.1" 200 7550 "http://localhost:8080/login" "Mozilla/5.0 (Windows NT 10.0; Win64; x64) AppleWebKit/537.36 (KHTML, like Gecko) Chrome/68.0.3440.75 Safari/537.36"
[2018-09-10T09:53:34.857] [INFO] default - ::1 - - "GET /index/0/1 HTTP/1.1" 200 7582 "http://localhost:8080/login" "Mozilla/5.0 (Windows NT 10.0; Win64; x64) AppleWebKit/537.36 (KHTML, like Gecko) Chrome/68.0.3440.75 Safari/537.36"
[2018-09-10T09:54:29.233] [INFO] default - ::1 - - "GET /index/0/1 HTTP/1.1" 200 7591 "http://localhost:8080/login" "Mozilla/5.0 (Windows NT 10.0; Win64; x64) AppleWebKit/537.36 (KHTML, like Gecko) Chrome/68.0.3440.75 Safari/537.36"
[2018-09-10T09:54:31.337] [INFO] default - ::1 - - "GET /index/0/1 HTTP/1.1" 304 - "http://localhost:8080/index/0/1" "Mozilla/5.0 (Windows NT 10.0; Win64; x64) AppleWebKit/537.36 (KHTML, like Gecko) Chrome/68.0.3440.75 Safari/537.36"
[2018-09-10T09:54:32.137] [INFO] default - ::1 - - "GET /index/0/1 HTTP/1.1" 304 - "http://localhost:8080/index/0/1" "Mozilla/5.0 (Windows NT 10.0; Win64; x64) AppleWebKit/537.36 (KHTML, like Gecko) Chrome/68.0.3440.75 Safari/537.36"
[2018-09-10T09:54:34.357] [INFO] default - ::1 - - "GET /index/0/1 HTTP/1.1" 304 - "http://localhost:8080/index/0/1" "Mozilla/5.0 (Windows NT 10.0; Win64; x64) AppleWebKit/537.36 (KHTML, like Gecko) Chrome/68.0.3440.75 Safari/537.36"
[2018-09-10T09:54:36.269] [INFO] default - ::1 - - "GET /index/0/1 HTTP/1.1" 304 - "http://localhost:8080/index/0/1" "Mozilla/5.0 (Windows NT 10.0; Win64; x64) AppleWebKit/537.36 (KHTML, like Gecko) Chrome/68.0.3440.75 Safari/537.36"
[2018-09-10T09:54:38.207] [INFO] default - ::1 - - "GET /index/0/1 HTTP/1.1" 304 - "http://localhost:8080/index/0/1" "Mozilla/5.0 (Windows NT 10.0; Win64; x64) AppleWebKit/537.36 (KHTML, like Gecko) Chrome/68.0.3440.75 Safari/537.36"
[2018-09-10T09:58:19.695] [INFO] default - ::1 - - "GET /index/0/1 HTTP/1.1" 200 7471 "http://localhost:8080/index/0/1" "Mozilla/5.0 (Windows NT 10.0; Win64; x64) AppleWebKit/537.36 (KHTML, like Gecko) Chrome/68.0.3440.75 Safari/537.36"
[2018-09-10T09:58:20.724] [INFO] default - ::1 - - "GET /index/0/1 HTTP/1.1" 304 - "http://localhost:8080/index/0/1" "Mozilla/5.0 (Windows NT 10.0; Win64; x64) AppleWebKit/537.36 (KHTML, like Gecko) Chrome/68.0.3440.75 Safari/537.36"
[2018-09-10T09:58:29.168] [INFO] default - ::1 - - "GET /index/0/1 HTTP/1.1" 200 7471 "http://localhost:8080/index/0/1" "Mozilla/5.0 (Windows NT 10.0; Win64; x64) AppleWebKit/537.36 (KHTML, like Gecko) Chrome/68.0.3440.75 Safari/537.36"
[2018-09-10T09:58:30.120] [INFO] default - ::1 - - "GET /index/0/1 HTTP/1.1" 304 - "http://localhost:8080/index/0/1" "Mozilla/5.0 (Windows NT 10.0; Win64; x64) AppleWebKit/537.36 (KHTML, like Gecko) Chrome/68.0.3440.75 Safari/537.36"
[2018-09-10T09:58:30.324] [INFO] default - ::1 - - "GET /index/0/1 HTTP/1.1" 304 - "http://localhost:8080/index/0/1" "Mozilla/5.0 (Windows NT 10.0; Win64; x64) AppleWebKit/537.36 (KHTML, like Gecko) Chrome/68.0.3440.75 Safari/537.36"
[2018-09-10T09:58:32.535] [INFO] default - ::1 - - "GET /index/0/1 HTTP/1.1" 304 - "http://localhost:8080/index/0/1" "Mozilla/5.0 (Windows NT 10.0; Win64; x64) AppleWebKit/537.36 (KHTML, like Gecko) Chrome/68.0.3440.75 Safari/537.36"
[2018-09-10T09:58:34.535] [INFO] default - ::1 - - "GET /index/0/1 HTTP/1.1" 304 - "http://localhost:8080/index/0/1" "Mozilla/5.0 (Windows NT 10.0; Win64; x64) AppleWebKit/537.36 (KHTML, like Gecko) Chrome/68.0.3440.75 Safari/537.36"
[2018-09-10T10:22:00.341] [INFO] default - ::1 - - "GET /index/0/1 HTTP/1.1" 302 56 "http://localhost:8080/index/0/1" "Mozilla/5.0 (Windows NT 10.0; Win64; x64) AppleWebKit/537.36 (KHTML, like Gecko) Chrome/68.0.3440.75 Safari/537.36"
[2018-09-10T10:22:03.497] [INFO] default - ::1 - - "GET /login HTTP/1.1" 304 - "http://localhost:8080/index/0/1" "Mozilla/5.0 (Windows NT 10.0; Win64; x64) AppleWebKit/537.36 (KHTML, like Gecko) Chrome/68.0.3440.75 Safari/537.36"
[2018-09-10T10:22:08.004] [INFO] default - ::1 - - "GET /checkuser?username=wjy&pwd=123 HTTP/1.1" 302 62 "http://localhost:8080/login" "Mozilla/5.0 (Windows NT 10.0; Win64; x64) AppleWebKit/537.36 (KHTML, like Gecko) Chrome/68.0.3440.75 Safari/537.36"
[2018-09-10T10:22:08.023] [INFO] default - ::1 - - "GET /index/0/1 HTTP/1.1" 200 7725 "http://localhost:8080/login" "Mozilla/5.0 (Windows NT 10.0; Win64; x64) AppleWebKit/537.36 (KHTML, like Gecko) Chrome/68.0.3440.75 Safari/537.36"
[2018-09-10T10:22:08.151] [INFO] default - ::1 - - "GET /index/0/prefer.html HTTP/1.1" 200 7725 "http://localhost:8080/index/0/1" "Mozilla/5.0 (Windows NT 10.0; Win64; x64) AppleWebKit/537.36 (KHTML, like Gecko) Chrome/68.0.3440.75 Safari/537.36"
[2018-09-10T10:22:08.768] [INFO] default - ::1 - - "GET /index/0/prefer.html HTTP/1.1" 304 - "http://localhost:8080/index/0/1" "Mozilla/5.0 (Windows NT 10.0; Win64; x64) AppleWebKit/537.36 (KHTML, like Gecko) Chrome/68.0.3440.75 Safari/537.36"
[2018-09-10T10:22:08.908] [INFO] default - ::1 - - "GET /index/0/prefer.html HTTP/1.1" 304 - "http://localhost:8080/index/0/1" "Mozilla/5.0 (Windows NT 10.0; Win64; x64) AppleWebKit/537.36 (KHTML, like Gecko) Chrome/68.0.3440.75 Safari/537.36"
[2018-09-10T10:22:09.057] [INFO] default - ::1 - - "GET /index/0/prefer.html HTTP/1.1" 304 - "http://localhost:8080/index/0/1" "Mozilla/5.0 (Windows NT 10.0; Win64; x64) AppleWebKit/537.36 (KHTML, like Gecko) Chrome/68.0.3440.75 Safari/537.36"
[2018-09-10T10:22:09.207] [INFO] default - ::1 - - "GET /index/0/prefer.html HTTP/1.1" 304 - "http://localhost:8080/index/0/1" "Mozilla/5.0 (Windows NT 10.0; Win64; x64) AppleWebKit/537.36 (KHTML, like Gecko) Chrome/68.0.3440.75 Safari/537.36"
[2018-09-10T10:22:09.359] [INFO] default - ::1 - - "GET /index/0/prefer.html HTTP/1.1" 304 - "http://localhost:8080/index/0/1" "Mozilla/5.0 (Windows NT 10.0; Win64; x64) AppleWebKit/537.36 (KHTML, like Gecko) Chrome/68.0.3440.75 Safari/537.36"
[2018-09-10T10:22:09.534] [INFO] default - ::1 - - "GET /index/0/prefer.html HTTP/1.1" 304 - "http://localhost:8080/index/0/1" "Mozilla/5.0 (Windows NT 10.0; Win64; x64) AppleWebKit/537.36 (KHTML, like Gecko) Chrome/68.0.3440.75 Safari/537.36"
[2018-09-10T10:22:09.679] [INFO] default - ::1 - - "GET /index/0/prefer.html HTTP/1.1" 304 - "http://localhost:8080/index/0/1" "Mozilla/5.0 (Windows NT 10.0; Win64; x64) AppleWebKit/537.36 (KHTML, like Gecko) Chrome/68.0.3440.75 Safari/537.36"
[2018-09-10T10:22:09.831] [INFO] default - ::1 - - "GET /index/0/prefer.html HTTP/1.1" 304 - "http://localhost:8080/index/0/1" "Mozilla/5.0 (Windows NT 10.0; Win64; x64) AppleWebKit/537.36 (KHTML, like Gecko) Chrome/68.0.3440.75 Safari/537.36"
[2018-09-10T10:22:09.968] [INFO] default - ::1 - - "GET /index/0/prefer.html HTTP/1.1" 304 - "http://localhost:8080/index/0/1" "Mozilla/5.0 (Windows NT 10.0; Win64; x64) AppleWebKit/537.36 (KHTML, like Gecko) Chrome/68.0.3440.75 Safari/537.36"
[2018-09-10T10:22:10.124] [INFO] default - ::1 - - "GET /index/0/prefer.html HTTP/1.1" 304 - "http://localhost:8080/index/0/1" "Mozilla/5.0 (Windows NT 10.0; Win64; x64) AppleWebKit/537.36 (KHTML, like Gecko) Chrome/68.0.3440.75 Safari/537.36"
[2018-09-10T10:22:10.310] [INFO] default - ::1 - - "GET /index/0/prefer.html HTTP/1.1" 304 - "http://localhost:8080/index/0/1" "Mozilla/5.0 (Windows NT 10.0; Win64; x64) AppleWebKit/537.36 (KHTML, like Gecko) Chrome/68.0.3440.75 Safari/537.36"
[2018-09-10T10:22:10.455] [INFO] default - ::1 - - "GET /index/0/prefer.html HTTP/1.1" 304 - "http://localhost:8080/index/0/1" "Mozilla/5.0 (Windows NT 10.0; Win64; x64) AppleWebKit/537.36 (KHTML, like Gecko) Chrome/68.0.3440.75 Safari/537.36"
[2018-09-10T10:22:10.626] [INFO] default - ::1 - - "GET /index/0/prefer.html HTTP/1.1" 304 - "http://localhost:8080/index/0/1" "Mozilla/5.0 (Windows NT 10.0; Win64; x64) AppleWebKit/537.36 (KHTML, like Gecko) Chrome/68.0.3440.75 Safari/537.36"
[2018-09-10T10:22:10.909] [INFO] default - ::1 - - "GET /index/0/prefer.html HTTP/1.1" 304 - "http://localhost:8080/index/0/1" "Mozilla/5.0 (Windows NT 10.0; Win64; x64) AppleWebKit/537.36 (KHTML, like Gecko) Chrome/68.0.3440.75 Safari/537.36"
[2018-09-10T10:22:11.066] [INFO] default - ::1 - - "GET /index/0/prefer.html HTTP/1.1" 304 - "http://localhost:8080/index/0/1" "Mozilla/5.0 (Windows NT 10.0; Win64; x64) AppleWebKit/537.36 (KHTML, like Gecko) Chrome/68.0.3440.75 Safari/537.36"
[2018-09-10T10:22:11.325] [INFO] default - ::1 - - "GET /index/0/prefer.html HTTP/1.1" 304 - "http://localhost:8080/index/0/1" "Mozilla/5.0 (Windows NT 10.0; Win64; x64) AppleWebKit/537.36 (KHTML, like Gecko) Chrome/68.0.3440.75 Safari/537.36"
[2018-09-10T10:22:11.509] [INFO] default - ::1 - - "GET /index/0/prefer.html HTTP/1.1" 304 - "http://localhost:8080/index/0/1" "Mozilla/5.0 (Windows NT 10.0; Win64; x64) AppleWebKit/537.36 (KHTML, like Gecko) Chrome/68.0.3440.75 Safari/537.36"
[2018-09-10T10:22:11.614] [INFO] default - ::1 - - "GET /index/0/prefer.html HTTP/1.1" 304 - "http://localhost:8080/index/0/1" "Mozilla/5.0 (Windows NT 10.0; Win64; x64) AppleWebKit/537.36 (KHTML, like Gecko) Chrome/68.0.3440.75 Safari/537.36"
[2018-09-10T10:22:11.710] [INFO] default - ::1 - - "GET /index/0/prefer.html HTTP/1.1" 304 - "http://localhost:8080/index/0/1" "Mozilla/5.0 (Windows NT 10.0; Win64; x64) AppleWebKit/537.36 (KHTML, like Gecko) Chrome/68.0.3440.75 Safari/537.36"
[2018-09-10T10:22:11.820] [INFO] default - ::1 - - "GET /index/0/prefer.html HTTP/1.1" 304 - "http://localhost:8080/index/0/1" "Mozilla/5.0 (Windows NT 10.0; Win64; x64) AppleWebKit/537.36 (KHTML, like Gecko) Chrome/68.0.3440.75 Safari/537.36"
[2018-09-10T10:22:11.949] [INFO] default - ::1 - - "GET /index/0/prefer.html HTTP/1.1" 304 - "http://localhost:8080/index/0/1" "Mozilla/5.0 (Windows NT 10.0; Win64; x64) AppleWebKit/537.36 (KHTML, like Gecko) Chrome/68.0.3440.75 Safari/537.36"
[2018-09-10T10:22:12.086] [INFO] default - ::1 - - "GET /index/0/prefer.html HTTP/1.1" 304 - "http://localhost:8080/index/0/1" "Mozilla/5.0 (Windows NT 10.0; Win64; x64) AppleWebKit/537.36 (KHTML, like Gecko) Chrome/68.0.3440.75 Safari/537.36"
[2018-09-10T10:22:12.220] [INFO] default - ::1 - - "GET /index/0/prefer.html HTTP/1.1" 304 - "http://localhost:8080/index/0/1" "Mozilla/5.0 (Windows NT 10.0; Win64; x64) AppleWebKit/537.36 (KHTML, like Gecko) Chrome/68.0.3440.75 Safari/537.36"
[2018-09-10T10:22:12.332] [INFO] default - ::1 - - "GET /index/0/prefer.html HTTP/1.1" 304 - "http://localhost:8080/index/0/1" "Mozilla/5.0 (Windows NT 10.0; Win64; x64) AppleWebKit/537.36 (KHTML, like Gecko) Chrome/68.0.3440.75 Safari/537.36"
[2018-09-10T10:22:12.444] [INFO] default - ::1 - - "GET /index/0/prefer.html HTTP/1.1" 304 - "http://localhost:8080/index/0/1" "Mozilla/5.0 (Windows NT 10.0; Win64; x64) AppleWebKit/537.36 (KHTML, like Gecko) Chrome/68.0.3440.75 Safari/537.36"
[2018-09-10T10:22:12.552] [INFO] default - ::1 - - "GET /index/0/prefer.html HTTP/1.1" 304 - "http://localhost:8080/index/0/1" "Mozilla/5.0 (Windows NT 10.0; Win64; x64) AppleWebKit/537.36 (KHTML, like Gecko) Chrome/68.0.3440.75 Safari/537.36"
[2018-09-10T10:22:12.662] [INFO] default - ::1 - - "GET /index/0/prefer.html HTTP/1.1" 304 - "http://localhost:8080/index/0/1" "Mozilla/5.0 (Windows NT 10.0; Win64; x64) AppleWebKit/537.36 (KHTML, like Gecko) Chrome/68.0.3440.75 Safari/537.36"
[2018-09-10T10:22:12.775] [INFO] default - ::1 - - "GET /index/0/prefer.html HTTP/1.1" 304 - "http://localhost:8080/index/0/1" "Mozilla/5.0 (Windows NT 10.0; Win64; x64) AppleWebKit/537.36 (KHTML, like Gecko) Chrome/68.0.3440.75 Safari/537.36"
[2018-09-10T10:22:12.916] [INFO] default - ::1 - - "GET /index/0/prefer.html HTTP/1.1" 304 - "http://localhost:8080/index/0/1" "Mozilla/5.0 (Windows NT 10.0; Win64; x64) AppleWebKit/537.36 (KHTML, like Gecko) Chrome/68.0.3440.75 Safari/537.36"
[2018-09-10T10:22:13.046] [INFO] default - ::1 - - "GET /index/0/prefer.html HTTP/1.1" 304 - "http://localhost:8080/index/0/1" "Mozilla/5.0 (Windows NT 10.0; Win64; x64) AppleWebKit/537.36 (KHTML, like Gecko) Chrome/68.0.3440.75 Safari/537.36"
[2018-09-10T10:22:13.196] [INFO] default - ::1 - - "GET /index/0/prefer.html HTTP/1.1" 304 - "http://localhost:8080/index/0/1" "Mozilla/5.0 (Windows NT 10.0; Win64; x64) AppleWebKit/537.36 (KHTML, like Gecko) Chrome/68.0.3440.75 Safari/537.36"
[2018-09-10T10:22:13.316] [INFO] default - ::1 - - "GET /index/0/prefer.html HTTP/1.1" 304 - "http://localhost:8080/index/0/1" "Mozilla/5.0 (Windows NT 10.0; Win64; x64) AppleWebKit/537.36 (KHTML, like Gecko) Chrome/68.0.3440.75 Safari/537.36"
[2018-09-10T10:22:13.436] [INFO] default - ::1 - - "GET /index/0/prefer.html HTTP/1.1" 304 - "http://localhost:8080/index/0/1" "Mozilla/5.0 (Windows NT 10.0; Win64; x64) AppleWebKit/537.36 (KHTML, like Gecko) Chrome/68.0.3440.75 Safari/537.36"
[2018-09-10T10:22:13.558] [INFO] default - ::1 - - "GET /index/0/prefer.html HTTP/1.1" 304 - "http://localhost:8080/index/0/1" "Mozilla/5.0 (Windows NT 10.0; Win64; x64) AppleWebKit/537.36 (KHTML, like Gecko) Chrome/68.0.3440.75 Safari/537.36"
[2018-09-10T10:22:13.753] [INFO] default - ::1 - - "GET /index/0/prefer.html HTTP/1.1" 304 - "http://localhost:8080/index/0/1" "Mozilla/5.0 (Windows NT 10.0; Win64; x64) AppleWebKit/537.36 (KHTML, like Gecko) Chrome/68.0.3440.75 Safari/537.36"
[2018-09-10T10:22:13.877] [INFO] default - ::1 - - "GET /index/0/prefer.html HTTP/1.1" 304 - "http://localhost:8080/index/0/1" "Mozilla/5.0 (Windows NT 10.0; Win64; x64) AppleWebKit/537.36 (KHTML, like Gecko) Chrome/68.0.3440.75 Safari/537.36"
[2018-09-10T10:22:14.003] [INFO] default - ::1 - - "GET /index/0/prefer.html HTTP/1.1" 304 - "http://localhost:8080/index/0/1" "Mozilla/5.0 (Windows NT 10.0; Win64; x64) AppleWebKit/537.36 (KHTML, like Gecko) Chrome/68.0.3440.75 Safari/537.36"
[2018-09-10T10:22:14.145] [INFO] default - ::1 - - "GET /index/0/prefer.html HTTP/1.1" 304 - "http://localhost:8080/index/0/1" "Mozilla/5.0 (Windows NT 10.0; Win64; x64) AppleWebKit/537.36 (KHTML, like Gecko) Chrome/68.0.3440.75 Safari/537.36"
[2018-09-10T10:22:15.205] [INFO] default - ::1 - - "GET /index/0/prefer.html HTTP/1.1" 304 - "http://localhost:8080/index/0/1" "Mozilla/5.0 (Windows NT 10.0; Win64; x64) AppleWebKit/537.36 (KHTML, like Gecko) Chrome/68.0.3440.75 Safari/537.36"
[2018-09-10T10:22:15.331] [INFO] default - ::1 - - "GET /index/0/prefer.html HTTP/1.1" 304 - "http://localhost:8080/index/0/1" "Mozilla/5.0 (Windows NT 10.0; Win64; x64) AppleWebKit/537.36 (KHTML, like Gecko) Chrome/68.0.3440.75 Safari/537.36"
[2018-09-10T10:22:15.496] [INFO] default - ::1 - - "GET /index/0/prefer.html HTTP/1.1" 304 - "http://localhost:8080/index/0/1" "Mozilla/5.0 (Windows NT 10.0; Win64; x64) AppleWebKit/537.36 (KHTML, like Gecko) Chrome/68.0.3440.75 Safari/537.36"
[2018-09-10T10:22:15.619] [INFO] default - ::1 - - "GET /index/0/prefer.html HTTP/1.1" 304 - "http://localhost:8080/index/0/1" "Mozilla/5.0 (Windows NT 10.0; Win64; x64) AppleWebKit/537.36 (KHTML, like Gecko) Chrome/68.0.3440.75 Safari/537.36"
[2018-09-10T10:22:15.757] [INFO] default - ::1 - - "GET /index/0/prefer.html HTTP/1.1" 304 - "http://localhost:8080/index/0/1" "Mozilla/5.0 (Windows NT 10.0; Win64; x64) AppleWebKit/537.36 (KHTML, like Gecko) Chrome/68.0.3440.75 Safari/537.36"
[2018-09-10T10:22:15.944] [INFO] default - ::1 - - "GET /index/0/prefer.html HTTP/1.1" 304 - "http://localhost:8080/index/0/1" "Mozilla/5.0 (Windows NT 10.0; Win64; x64) AppleWebKit/537.36 (KHTML, like Gecko) Chrome/68.0.3440.75 Safari/537.36"
[2018-09-10T10:22:16.086] [INFO] default - ::1 - - "GET /index/0/prefer.html HTTP/1.1" 304 - "http://localhost:8080/index/0/1" "Mozilla/5.0 (Windows NT 10.0; Win64; x64) AppleWebKit/537.36 (KHTML, like Gecko) Chrome/68.0.3440.75 Safari/537.36"
[2018-09-10T10:22:16.264] [INFO] default - ::1 - - "GET /index/0/prefer.html HTTP/1.1" 304 - "http://localhost:8080/index/0/1" "Mozilla/5.0 (Windows NT 10.0; Win64; x64) AppleWebKit/537.36 (KHTML, like Gecko) Chrome/68.0.3440.75 Safari/537.36"
[2018-09-10T10:22:16.410] [INFO] default - ::1 - - "GET /index/0/prefer.html HTTP/1.1" 304 - "http://localhost:8080/index/0/1" "Mozilla/5.0 (Windows NT 10.0; Win64; x64) AppleWebKit/537.36 (KHTML, like Gecko) Chrome/68.0.3440.75 Safari/537.36"
[2018-09-10T10:22:16.599] [INFO] default - ::1 - - "GET /index/0/prefer.html HTTP/1.1" 304 - "http://localhost:8080/index/0/1" "Mozilla/5.0 (Windows NT 10.0; Win64; x64) AppleWebKit/537.36 (KHTML, like Gecko) Chrome/68.0.3440.75 Safari/537.36"
[2018-09-10T10:22:16.780] [INFO] default - ::1 - - "GET /index/0/prefer.html HTTP/1.1" 304 - "http://localhost:8080/index/0/1" "Mozilla/5.0 (Windows NT 10.0; Win64; x64) AppleWebKit/537.36 (KHTML, like Gecko) Chrome/68.0.3440.75 Safari/537.36"
[2018-09-10T10:22:17.036] [INFO] default - ::1 - - "GET /index/0/prefer.html HTTP/1.1" 304 - "http://localhost:8080/index/0/1" "Mozilla/5.0 (Windows NT 10.0; Win64; x64) AppleWebKit/537.36 (KHTML, like Gecko) Chrome/68.0.3440.75 Safari/537.36"
[2018-09-10T10:22:17.183] [INFO] default - ::1 - - "GET /index/0/prefer.html HTTP/1.1" 304 - "http://localhost:8080/index/0/1" "Mozilla/5.0 (Windows NT 10.0; Win64; x64) AppleWebKit/537.36 (KHTML, like Gecko) Chrome/68.0.3440.75 Safari/537.36"
[2018-09-10T10:22:17.342] [INFO] default - ::1 - - "GET /index/0/prefer.html HTTP/1.1" 304 - "http://localhost:8080/index/0/1" "Mozilla/5.0 (Windows NT 10.0; Win64; x64) AppleWebKit/537.36 (KHTML, like Gecko) Chrome/68.0.3440.75 Safari/537.36"
[2018-09-10T10:22:17.526] [INFO] default - ::1 - - "GET /index/0/prefer.html HTTP/1.1" 304 - "http://localhost:8080/index/0/1" "Mozilla/5.0 (Windows NT 10.0; Win64; x64) AppleWebKit/537.36 (KHTML, like Gecko) Chrome/68.0.3440.75 Safari/537.36"
[2018-09-10T10:22:17.682] [INFO] default - ::1 - - "GET /index/0/prefer.html HTTP/1.1" 304 - "http://localhost:8080/index/0/1" "Mozilla/5.0 (Windows NT 10.0; Win64; x64) AppleWebKit/537.36 (KHTML, like Gecko) Chrome/68.0.3440.75 Safari/537.36"
[2018-09-10T10:22:17.822] [INFO] default - ::1 - - "GET /index/0/prefer.html HTTP/1.1" 304 - "http://localhost:8080/index/0/1" "Mozilla/5.0 (Windows NT 10.0; Win64; x64) AppleWebKit/537.36 (KHTML, like Gecko) Chrome/68.0.3440.75 Safari/537.36"
[2018-09-10T10:22:17.973] [INFO] default - ::1 - - "GET /index/0/prefer.html HTTP/1.1" 304 - "http://localhost:8080/index/0/1" "Mozilla/5.0 (Windows NT 10.0; Win64; x64) AppleWebKit/537.36 (KHTML, like Gecko) Chrome/68.0.3440.75 Safari/537.36"
[2018-09-10T10:22:18.155] [INFO] default - ::1 - - "GET /index/0/prefer.html HTTP/1.1" 304 - "http://localhost:8080/index/0/1" "Mozilla/5.0 (Windows NT 10.0; Win64; x64) AppleWebKit/537.36 (KHTML, like Gecko) Chrome/68.0.3440.75 Safari/537.36"
[2018-09-10T10:22:18.321] [INFO] default - ::1 - - "GET /index/0/prefer.html HTTP/1.1" 304 - "http://localhost:8080/index/0/1" "Mozilla/5.0 (Windows NT 10.0; Win64; x64) AppleWebKit/537.36 (KHTML, like Gecko) Chrome/68.0.3440.75 Safari/537.36"
[2018-09-10T10:22:18.467] [INFO] default - ::1 - - "GET /index/0/prefer.html HTTP/1.1" 304 - "http://localhost:8080/index/0/1" "Mozilla/5.0 (Windows NT 10.0; Win64; x64) AppleWebKit/537.36 (KHTML, like Gecko) Chrome/68.0.3440.75 Safari/537.36"
[2018-09-10T10:22:18.633] [INFO] default - ::1 - - "GET /index/0/prefer.html HTTP/1.1" 304 - "http://localhost:8080/index/0/1" "Mozilla/5.0 (Windows NT 10.0; Win64; x64) AppleWebKit/537.36 (KHTML, like Gecko) Chrome/68.0.3440.75 Safari/537.36"
[2018-09-10T10:23:04.613] [INFO] default - ::1 - - "GET /index/0/1 HTTP/1.1" 200 7597 "" "Mozilla/5.0 (Windows NT 10.0; Win64; x64) AppleWebKit/537.36 (KHTML, like Gecko) Chrome/68.0.3440.75 Safari/537.36"
[2018-09-10T10:23:09.433] [INFO] default - ::1 - - "GET /index/0/prefer.html HTTP/1.1" 200 7597 "http://localhost:8080/index/0/1" "Mozilla/5.0 (Windows NT 10.0; Win64; x64) AppleWebKit/537.36 (KHTML, like Gecko) Chrome/68.0.3440.75 Safari/537.36"
[2018-09-10T10:23:09.525] [INFO] default - ::1 - - "GET /favicon.ico HTTP/1.1" 404 150 "http://localhost:8080/index/0/1" "Mozilla/5.0 (Windows NT 10.0; Win64; x64) AppleWebKit/537.36 (KHTML, like Gecko) Chrome/68.0.3440.75 Safari/537.36"
[2018-09-10T10:23:09.566] [INFO] default - ::1 - - "GET /index/0/prefer.html HTTP/1.1" 304 - "http://localhost:8080/index/0/1" "Mozilla/5.0 (Windows NT 10.0; Win64; x64) AppleWebKit/537.36 (KHTML, like Gecko) Chrome/68.0.3440.75 Safari/537.36"
[2018-09-10T10:23:09.690] [INFO] default - ::1 - - "GET /index/0/prefer.html HTTP/1.1" 304 - "http://localhost:8080/index/0/1" "Mozilla/5.0 (Windows NT 10.0; Win64; x64) AppleWebKit/537.36 (KHTML, like Gecko) Chrome/68.0.3440.75 Safari/537.36"
[2018-09-10T10:23:09.821] [INFO] default - ::1 - - "GET /index/0/prefer.html HTTP/1.1" 304 - "http://localhost:8080/index/0/1" "Mozilla/5.0 (Windows NT 10.0; Win64; x64) AppleWebKit/537.36 (KHTML, like Gecko) Chrome/68.0.3440.75 Safari/537.36"
[2018-09-10T10:23:09.961] [INFO] default - ::1 - - "GET /index/0/prefer.html HTTP/1.1" 304 - "http://localhost:8080/index/0/1" "Mozilla/5.0 (Windows NT 10.0; Win64; x64) AppleWebKit/537.36 (KHTML, like Gecko) Chrome/68.0.3440.75 Safari/537.36"
[2018-09-10T10:23:10.098] [INFO] default - ::1 - - "GET /index/0/prefer.html HTTP/1.1" 304 - "http://localhost:8080/index/0/1" "Mozilla/5.0 (Windows NT 10.0; Win64; x64) AppleWebKit/537.36 (KHTML, like Gecko) Chrome/68.0.3440.75 Safari/537.36"
[2018-09-10T10:23:10.306] [INFO] default - ::1 - - "GET /index/0/prefer.html HTTP/1.1" 304 - "http://localhost:8080/index/0/1" "Mozilla/5.0 (Windows NT 10.0; Win64; x64) AppleWebKit/537.36 (KHTML, like Gecko) Chrome/68.0.3440.75 Safari/537.36"
[2018-09-10T10:23:10.467] [INFO] default - ::1 - - "GET /index/0/prefer.html HTTP/1.1" 304 - "http://localhost:8080/index/0/1" "Mozilla/5.0 (Windows NT 10.0; Win64; x64) AppleWebKit/537.36 (KHTML, like Gecko) Chrome/68.0.3440.75 Safari/537.36"
[2018-09-10T10:23:10.620] [INFO] default - ::1 - - "GET /index/0/prefer.html HTTP/1.1" 304 - "http://localhost:8080/index/0/1" "Mozilla/5.0 (Windows NT 10.0; Win64; x64) AppleWebKit/537.36 (KHTML, like Gecko) Chrome/68.0.3440.75 Safari/537.36"
[2018-09-10T10:23:10.766] [INFO] default - ::1 - - "GET /index/0/prefer.html HTTP/1.1" 304 - "http://localhost:8080/index/0/1" "Mozilla/5.0 (Windows NT 10.0; Win64; x64) AppleWebKit/537.36 (KHTML, like Gecko) Chrome/68.0.3440.75 Safari/537.36"
[2018-09-10T10:23:10.906] [INFO] default - ::1 - - "GET /index/0/prefer.html HTTP/1.1" 304 - "http://localhost:8080/index/0/1" "Mozilla/5.0 (Windows NT 10.0; Win64; x64) AppleWebKit/537.36 (KHTML, like Gecko) Chrome/68.0.3440.75 Safari/537.36"
[2018-09-10T10:23:11.052] [INFO] default - ::1 - - "GET /index/0/prefer.html HTTP/1.1" 304 - "http://localhost:8080/index/0/1" "Mozilla/5.0 (Windows NT 10.0; Win64; x64) AppleWebKit/537.36 (KHTML, like Gecko) Chrome/68.0.3440.75 Safari/537.36"
[2018-09-10T10:23:11.207] [INFO] default - ::1 - - "GET /index/0/prefer.html HTTP/1.1" 304 - "http://localhost:8080/index/0/1" "Mozilla/5.0 (Windows NT 10.0; Win64; x64) AppleWebKit/537.36 (KHTML, like Gecko) Chrome/68.0.3440.75 Safari/537.36"
[2018-09-10T10:23:11.366] [INFO] default - ::1 - - "GET /index/0/prefer.html HTTP/1.1" 304 - "http://localhost:8080/index/0/1" "Mozilla/5.0 (Windows NT 10.0; Win64; x64) AppleWebKit/537.36 (KHTML, like Gecko) Chrome/68.0.3440.75 Safari/537.36"
[2018-09-10T10:23:11.512] [INFO] default - ::1 - - "GET /index/0/prefer.html HTTP/1.1" 304 - "http://localhost:8080/index/0/1" "Mozilla/5.0 (Windows NT 10.0; Win64; x64) AppleWebKit/537.36 (KHTML, like Gecko) Chrome/68.0.3440.75 Safari/537.36"
[2018-09-10T10:23:11.678] [INFO] default - ::1 - - "GET /index/0/prefer.html HTTP/1.1" 304 - "http://localhost:8080/index/0/1" "Mozilla/5.0 (Windows NT 10.0; Win64; x64) AppleWebKit/537.36 (KHTML, like Gecko) Chrome/68.0.3440.75 Safari/537.36"
[2018-09-10T10:23:11.869] [INFO] default - ::1 - - "GET /index/0/prefer.html HTTP/1.1" 304 - "http://localhost:8080/index/0/1" "Mozilla/5.0 (Windows NT 10.0; Win64; x64) AppleWebKit/537.36 (KHTML, like Gecko) Chrome/68.0.3440.75 Safari/537.36"
[2018-09-10T10:23:12.064] [INFO] default - ::1 - - "GET /index/0/prefer.html HTTP/1.1" 304 - "http://localhost:8080/index/0/1" "Mozilla/5.0 (Windows NT 10.0; Win64; x64) AppleWebKit/537.36 (KHTML, like Gecko) Chrome/68.0.3440.75 Safari/537.36"
[2018-09-10T10:23:12.341] [INFO] default - ::1 - - "GET /index/0/prefer.html HTTP/1.1" 304 - "http://localhost:8080/index/0/1" "Mozilla/5.0 (Windows NT 10.0; Win64; x64) AppleWebKit/537.36 (KHTML, like Gecko) Chrome/68.0.3440.75 Safari/537.36"
[2018-09-10T10:23:12.495] [INFO] default - ::1 - - "GET /index/0/prefer.html HTTP/1.1" 304 - "http://localhost:8080/index/0/1" "Mozilla/5.0 (Windows NT 10.0; Win64; x64) AppleWebKit/537.36 (KHTML, like Gecko) Chrome/68.0.3440.75 Safari/537.36"
[2018-09-10T10:23:12.640] [INFO] default - ::1 - - "GET /index/0/prefer.html HTTP/1.1" 304 - "http://localhost:8080/index/0/1" "Mozilla/5.0 (Windows NT 10.0; Win64; x64) AppleWebKit/537.36 (KHTML, like Gecko) Chrome/68.0.3440.75 Safari/537.36"
[2018-09-10T10:23:12.802] [INFO] default - ::1 - - "GET /index/0/prefer.html HTTP/1.1" 304 - "http://localhost:8080/index/0/1" "Mozilla/5.0 (Windows NT 10.0; Win64; x64) AppleWebKit/537.36 (KHTML, like Gecko) Chrome/68.0.3440.75 Safari/537.36"
[2018-09-10T10:23:13.001] [INFO] default - ::1 - - "GET /index/0/prefer.html HTTP/1.1" 304 - "http://localhost:8080/index/0/1" "Mozilla/5.0 (Windows NT 10.0; Win64; x64) AppleWebKit/537.36 (KHTML, like Gecko) Chrome/68.0.3440.75 Safari/537.36"
[2018-09-10T10:23:13.114] [INFO] default - ::1 - - "GET /index/0/prefer.html HTTP/1.1" 304 - "http://localhost:8080/index/0/1" "Mozilla/5.0 (Windows NT 10.0; Win64; x64) AppleWebKit/537.36 (KHTML, like Gecko) Chrome/68.0.3440.75 Safari/537.36"
[2018-09-10T10:23:13.246] [INFO] default - ::1 - - "GET /index/0/prefer.html HTTP/1.1" 304 - "http://localhost:8080/index/0/1" "Mozilla/5.0 (Windows NT 10.0; Win64; x64) AppleWebKit/537.36 (KHTML, like Gecko) Chrome/68.0.3440.75 Safari/537.36"
[2018-09-10T10:23:13.373] [INFO] default - ::1 - - "GET /index/0/prefer.html HTTP/1.1" 304 - "http://localhost:8080/index/0/1" "Mozilla/5.0 (Windows NT 10.0; Win64; x64) AppleWebKit/537.36 (KHTML, like Gecko) Chrome/68.0.3440.75 Safari/537.36"
[2018-09-10T10:23:13.535] [INFO] default - ::1 - - "GET /index/0/prefer.html HTTP/1.1" 304 - "http://localhost:8080/index/0/1" "Mozilla/5.0 (Windows NT 10.0; Win64; x64) AppleWebKit/537.36 (KHTML, like Gecko) Chrome/68.0.3440.75 Safari/537.36"
[2018-09-10T10:23:13.680] [INFO] default - ::1 - - "GET /index/0/prefer.html HTTP/1.1" 304 - "http://localhost:8080/index/0/1" "Mozilla/5.0 (Windows NT 10.0; Win64; x64) AppleWebKit/537.36 (KHTML, like Gecko) Chrome/68.0.3440.75 Safari/537.36"
[2018-09-10T10:23:13.832] [INFO] default - ::1 - - "GET /index/0/prefer.html HTTP/1.1" 304 - "http://localhost:8080/index/0/1" "Mozilla/5.0 (Windows NT 10.0; Win64; x64) AppleWebKit/537.36 (KHTML, like Gecko) Chrome/68.0.3440.75 Safari/537.36"
[2018-09-10T10:23:13.958] [INFO] default - ::1 - - "GET /index/0/prefer.html HTTP/1.1" 304 - "http://localhost:8080/index/0/1" "Mozilla/5.0 (Windows NT 10.0; Win64; x64) AppleWebKit/537.36 (KHTML, like Gecko) Chrome/68.0.3440.75 Safari/537.36"
[2018-09-10T10:23:14.096] [INFO] default - ::1 - - "GET /index/0/prefer.html HTTP/1.1" 304 - "http://localhost:8080/index/0/1" "Mozilla/5.0 (Windows NT 10.0; Win64; x64) AppleWebKit/537.36 (KHTML, like Gecko) Chrome/68.0.3440.75 Safari/537.36"
[2018-09-10T10:23:14.241] [INFO] default - ::1 - - "GET /index/0/prefer.html HTTP/1.1" 304 - "http://localhost:8080/index/0/1" "Mozilla/5.0 (Windows NT 10.0; Win64; x64) AppleWebKit/537.36 (KHTML, like Gecko) Chrome/68.0.3440.75 Safari/537.36"
[2018-09-10T10:23:14.374] [INFO] default - ::1 - - "GET /index/0/prefer.html HTTP/1.1" 304 - "http://localhost:8080/index/0/1" "Mozilla/5.0 (Windows NT 10.0; Win64; x64) AppleWebKit/537.36 (KHTML, like Gecko) Chrome/68.0.3440.75 Safari/537.36"
[2018-09-10T10:23:14.517] [INFO] default - ::1 - - "GET /index/0/prefer.html HTTP/1.1" 304 - "http://localhost:8080/index/0/1" "Mozilla/5.0 (Windows NT 10.0; Win64; x64) AppleWebKit/537.36 (KHTML, like Gecko) Chrome/68.0.3440.75 Safari/537.36"
[2018-09-10T10:23:14.668] [INFO] default - ::1 - - "GET /index/0/prefer.html HTTP/1.1" 304 - "http://localhost:8080/index/0/1" "Mozilla/5.0 (Windows NT 10.0; Win64; x64) AppleWebKit/537.36 (KHTML, like Gecko) Chrome/68.0.3440.75 Safari/537.36"
[2018-09-10T10:23:14.848] [INFO] default - ::1 - - "GET /index/0/prefer.html HTTP/1.1" 304 - "http://localhost:8080/index/0/1" "Mozilla/5.0 (Windows NT 10.0; Win64; x64) AppleWebKit/537.36 (KHTML, like Gecko) Chrome/68.0.3440.75 Safari/537.36"
[2018-09-10T10:25:09.755] [INFO] default - ::1 - - "GET /index/0/1 HTTP/1.1" 200 9713 "" "Mozilla/5.0 (Windows NT 10.0; Win64; x64) AppleWebKit/537.36 (KHTML, like Gecko) Chrome/68.0.3440.75 Safari/537.36"
[2018-09-10T10:25:10.157] [INFO] default - ::1 - - "GET /favicon.ico HTTP/1.1" 404 150 "http://localhost:8080/index/0/1" "Mozilla/5.0 (Windows NT 10.0; Win64; x64) AppleWebKit/537.36 (KHTML, like Gecko) Chrome/68.0.3440.75 Safari/537.36"
[2018-09-10T10:25:47.602] [INFO] default - ::1 - - "GET /index/0/1 HTTP/1.1" 200 9416 "" "Mozilla/5.0 (Windows NT 10.0; Win64; x64) AppleWebKit/537.36 (KHTML, like Gecko) Chrome/68.0.3440.75 Safari/537.36"
[2018-09-10T10:25:50.488] [INFO] default - ::1 - - "GET /index/0/1 HTTP/1.1" 304 - "http://localhost:8080/index/0/1" "Mozilla/5.0 (Windows NT 10.0; Win64; x64) AppleWebKit/537.36 (KHTML, like Gecko) Chrome/68.0.3440.75 Safari/537.36"
[2018-09-10T10:26:27.435] [INFO] default - ::1 - - "GET /index/0/1 HTTP/1.1" 200 7584 "http://localhost:8080/index/0/1" "Mozilla/5.0 (Windows NT 10.0; Win64; x64) AppleWebKit/537.36 (KHTML, like Gecko) Chrome/68.0.3440.75 Safari/537.36"
[2018-09-10T10:26:28.479] [INFO] default - ::1 - - "GET /index/0/1 HTTP/1.1" 304 - "http://localhost:8080/index/0/1" "Mozilla/5.0 (Windows NT 10.0; Win64; x64) AppleWebKit/537.36 (KHTML, like Gecko) Chrome/68.0.3440.75 Safari/537.36"
[2018-09-10T10:26:28.963] [INFO] default - ::1 - - "GET /index/-1/1?msg=%E7%A7%91%E5%B9%BB HTTP/1.1" 200 7591 "http://localhost:8080/index/0/1" "Mozilla/5.0 (Windows NT 10.0; Win64; x64) AppleWebKit/537.36 (KHTML, like Gecko) Chrome/68.0.3440.75 Safari/537.36"
[2018-09-10T10:26:29.494] [INFO] default - ::1 - - "GET /index/-2/1?msg=%E7%BE%8E%E5%9B%BD HTTP/1.1" 200 7591 "http://localhost:8080/index/-1/1?msg=%E7%A7%91%E5%B9%BB" "Mozilla/5.0 (Windows NT 10.0; Win64; x64) AppleWebKit/537.36 (KHTML, like Gecko) Chrome/68.0.3440.75 Safari/537.36"
[2018-09-10T10:26:29.844] [INFO] default - ::1 - - "GET /index/-3/1?msg=1995 HTTP/1.1" 200 7589 "http://localhost:8080/index/-2/1?msg=%E7%BE%8E%E5%9B%BD" "Mozilla/5.0 (Windows NT 10.0; Win64; x64) AppleWebKit/537.36 (KHTML, like Gecko) Chrome/68.0.3440.75 Safari/537.36"
[2018-09-10T10:26:39.720] [INFO] default - ::1 - - "GET /detail HTTP/1.1" 404 145 "" "Mozilla/5.0 (Windows NT 10.0; Win64; x64) AppleWebKit/537.36 (KHTML, like Gecko) Chrome/68.0.3440.75 Safari/537.36"
[2018-09-10T10:26:46.240] [INFO] default - ::1 - - "GET /detail/1 HTTP/1.1" 200 2055 "" "Mozilla/5.0 (Windows NT 10.0; Win64; x64) AppleWebKit/537.36 (KHTML, like Gecko) Chrome/68.0.3440.75 Safari/537.36"
[2018-09-10T10:26:55.001] [INFO] default - ::1 - - "GET /movieinfo/1 HTTP/1.1" 200 2855 "" "Mozilla/5.0 (Windows NT 10.0; Win64; x64) AppleWebKit/537.36 (KHTML, like Gecko) Chrome/68.0.3440.75 Safari/537.36"
[2018-09-10T10:27:16.920] [INFO] default - ::1 - - "GET /addmoviecate?moviecatename=%E9%AD%94%E5%B9%BB HTTP/1.1" 302 68 "http://localhost:8080/movieinfo/1" "Mozilla/5.0 (Windows NT 10.0; Win64; x64) AppleWebKit/537.36 (KHTML, like Gecko) Chrome/68.0.3440.75 Safari/537.36"
[2018-09-10T10:27:16.929] [INFO] default - ::1 - - "GET /movieinfo/1 HTTP/1.1" 200 3016 "http://localhost:8080/movieinfo/1" "Mozilla/5.0 (Windows NT 10.0; Win64; x64) AppleWebKit/537.36 (KHTML, like Gecko) Chrome/68.0.3440.75 Safari/537.36"
[2018-09-10T10:28:18.064] [INFO] default - ::1 - - "POST /createMovie HTTP/1.1" 302 68 "http://localhost:8080/movieinfo/1" "Mozilla/5.0 (Windows NT 10.0; Win64; x64) AppleWebKit/537.36 (KHTML, like Gecko) Chrome/68.0.3440.75 Safari/537.36"
[2018-09-10T10:28:18.093] [INFO] default - ::1 - - "GET /movieinfo/1 HTTP/1.1" 200 3299 "http://localhost:8080/movieinfo/1" "Mozilla/5.0 (Windows NT 10.0; Win64; x64) AppleWebKit/537.36 (KHTML, like Gecko) Chrome/68.0.3440.75 Safari/537.36"
[2018-09-10T10:28:31.006] [INFO] default - ::1 - - "GET /index/-2/1?msg=%E7%BE%8E%E5%9B%BD HTTP/1.1" 200 8052 "http://localhost:8080/index/-1/1?msg=%E7%A7%91%E5%B9%BB" "Mozilla/5.0 (Windows NT 10.0; Win64; x64) AppleWebKit/537.36 (KHTML, like Gecko) Chrome/68.0.3440.75 Safari/537.36"
[2018-09-10T10:28:33.165] [INFO] default - ::1 - - "GET /index/-3/1?msg=2003 HTTP/1.1" 200 7740 "http://localhost:8080/index/-2/1?msg=%E7%BE%8E%E5%9B%BD" "Mozilla/5.0 (Windows NT 10.0; Win64; x64) AppleWebKit/537.36 (KHTML, like Gecko) Chrome/68.0.3440.75 Safari/537.36"
[2018-09-10T10:28:38.129] [INFO] default - ::1 - - "GET /index/0/1 HTTP/1.1" 200 8045 "http://localhost:8080/index/-3/1?msg=2003" "Mozilla/5.0 (Windows NT 10.0; Win64; x64) AppleWebKit/537.36 (KHTML, like Gecko) Chrome/68.0.3440.75 Safari/537.36"
[2018-09-10T10:28:39.217] [INFO] default - ::1 - - "GET /index/-3/1?msg=2003 HTTP/1.1" 304 - "http://localhost:8080/index/0/1" "Mozilla/5.0 (Windows NT 10.0; Win64; x64) AppleWebKit/537.36 (KHTML, like Gecko) Chrome/68.0.3440.75 Safari/537.36"
[2018-09-10T10:28:41.574] [INFO] default - ::1 - - "GET /index/-1/1?msg=%E7%A7%91%E5%B9%BB HTTP/1.1" 200 7745 "http://localhost:8080/index/-3/1?msg=2003" "Mozilla/5.0 (Windows NT 10.0; Win64; x64) AppleWebKit/537.36 (KHTML, like Gecko) Chrome/68.0.3440.75 Safari/537.36"
[2018-09-10T10:28:43.060] [INFO] default - ::1 - - "GET /index/-1/1?msg=%E9%AD%94%E5%B9%BB HTTP/1.1" 200 7742 "http://localhost:8080/index/-1/1?msg=%E7%A7%91%E5%B9%BB" "Mozilla/5.0 (Windows NT 10.0; Win64; x64) AppleWebKit/537.36 (KHTML, like Gecko) Chrome/68.0.3440.75 Safari/537.36"
[2018-09-10T10:28:43.956] [INFO] default - ::1 - - "GET /index/-2/1?msg=%E7%BE%8E%E5%9B%BD HTTP/1.1" 304 - "http://localhost:8080/index/-1/1?msg=%E9%AD%94%E5%B9%BB" "Mozilla/5.0 (Windows NT 10.0; Win64; x64) AppleWebKit/537.36 (KHTML, like Gecko) Chrome/68.0.3440.75 Safari/537.36"
[2018-09-10T10:28:44.510] [INFO] default - ::1 - - "GET /index/-3/1?msg=1995 HTTP/1.1" 200 7743 "http://localhost:8080/index/-2/1?msg=%E7%BE%8E%E5%9B%BD" "Mozilla/5.0 (Windows NT 10.0; Win64; x64) AppleWebKit/537.36 (KHTML, like Gecko) Chrome/68.0.3440.75 Safari/537.36"
[2018-09-10T10:28:45.218] [INFO] default - ::1 - - "GET /index/-3/1?msg=2003 HTTP/1.1" 304 - "http://localhost:8080/index/-3/1?msg=1995" "Mozilla/5.0 (Windows NT 10.0; Win64; x64) AppleWebKit/537.36 (KHTML, like Gecko) Chrome/68.0.3440.75 Safari/537.36"
[2018-09-10T10:28:46.946] [INFO] default - ::1 - - "GET /index/0/1 HTTP/1.1" 304 - "http://localhost:8080/index/-3/1?msg=2003" "Mozilla/5.0 (Windows NT 10.0; Win64; x64) AppleWebKit/537.36 (KHTML, like Gecko) Chrome/68.0.3440.75 Safari/537.36"
[2018-09-10T10:28:48.132] [INFO] default - ::1 - - "GET /index/0/1 HTTP/1.1" 304 - "http://localhost:8080/index/0/1" "Mozilla/5.0 (Windows NT 10.0; Win64; x64) AppleWebKit/537.36 (KHTML, like Gecko) Chrome/68.0.3440.75 Safari/537.36"
[2018-09-10T10:28:49.110] [INFO] default - ::1 - - "GET /index/0/1 HTTP/1.1" 304 - "http://localhost:8080/index/0/1" "Mozilla/5.0 (Windows NT 10.0; Win64; x64) AppleWebKit/537.36 (KHTML, like Gecko) Chrome/68.0.3440.75 Safari/537.36"
[2018-09-10T10:28:51.383] [INFO] default - ::1 - - "GET /index/0/1 HTTP/1.1" 304 - "http://localhost:8080/index/0/1" "Mozilla/5.0 (Windows NT 10.0; Win64; x64) AppleWebKit/537.36 (KHTML, like Gecko) Chrome/68.0.3440.75 Safari/537.36"
[2018-09-10T10:28:53.455] [INFO] default - ::1 - - "GET /index/0/1 HTTP/1.1" 304 - "http://localhost:8080/index/0/1" "Mozilla/5.0 (Windows NT 10.0; Win64; x64) AppleWebKit/537.36 (KHTML, like Gecko) Chrome/68.0.3440.75 Safari/537.36"
[2018-09-10T10:34:57.395] [INFO] default - ::1 - - "GET /index/0/1 HTTP/1.1" 304 - "http://localhost:8080/index/0/1" "Mozilla/5.0 (Windows NT 10.0; Win64; x64) AppleWebKit/537.36 (KHTML, like Gecko) Chrome/68.0.3440.75 Safari/537.36"
[2018-09-10T10:34:57.591] [INFO] default - ::1 - - "GET /index/0/1 HTTP/1.1" 304 - "http://localhost:8080/index/0/1" "Mozilla/5.0 (Windows NT 10.0; Win64; x64) AppleWebKit/537.36 (KHTML, like Gecko) Chrome/68.0.3440.75 Safari/537.36"
[2018-09-10T10:34:59.834] [INFO] default - ::1 - - "GET /index/0/1 HTTP/1.1" 304 - "http://localhost:8080/index/0/1" "Mozilla/5.0 (Windows NT 10.0; Win64; x64) AppleWebKit/537.36 (KHTML, like Gecko) Chrome/68.0.3440.75 Safari/537.36"
[2018-09-10T10:44:11.901] [INFO] default - ::1 - - "GET /index/0/1 HTTP/1.1" 302 56 "" "Mozilla/5.0 (Windows NT 10.0; Win64; x64) AppleWebKit/537.36 (KHTML, like Gecko) Chrome/68.0.3440.75 Safari/537.36"
[2018-09-10T10:44:11.956] [INFO] default - ::1 - - "GET /login HTTP/1.1" 304 - "" "Mozilla/5.0 (Windows NT 10.0; Win64; x64) AppleWebKit/537.36 (KHTML, like Gecko) Chrome/68.0.3440.75 Safari/537.36"
[2018-09-10T10:44:15.325] [INFO] default - ::1 - - "GET /checkuser?username=wjy&pwd=123 HTTP/1.1" 302 62 "http://localhost:8080/login" "Mozilla/5.0 (Windows NT 10.0; Win64; x64) AppleWebKit/537.36 (KHTML, like Gecko) Chrome/68.0.3440.75 Safari/537.36"
[2018-09-10T10:44:15.342] [INFO] default - ::1 - - "GET /index/0/1 HTTP/1.1" 200 8052 "http://localhost:8080/login" "Mozilla/5.0 (Windows NT 10.0; Win64; x64) AppleWebKit/537.36 (KHTML, like Gecko) Chrome/68.0.3440.75 Safari/537.36"
[2018-09-10T10:44:26.929] [INFO] default - ::1 - - "GET /index/0/1 HTTP/1.1" 304 - "http://localhost:8080/login" "Mozilla/5.0 (Windows NT 10.0; Win64; x64) AppleWebKit/537.36 (KHTML, like Gecko) Chrome/68.0.3440.75 Safari/537.36"
[2018-09-10T11:03:57.017] [INFO] default - ::1 - - "GET /index/-3/1?msg=2003 HTTP/1.1" 200 7747 "http://localhost:8080/index/0/1" "Mozilla/5.0 (Windows NT 10.0; Win64; x64) AppleWebKit/537.36 (KHTML, like Gecko) Chrome/68.0.3440.75 Safari/537.36"
[2018-09-10T11:03:57.982] [INFO] default - ::1 - - "GET /index/-1/1?msg=%E9%AD%94%E5%B9%BB HTTP/1.1" 200 7749 "http://localhost:8080/index/-3/1?msg=2003" "Mozilla/5.0 (Windows NT 10.0; Win64; x64) AppleWebKit/537.36 (KHTML, like Gecko) Chrome/68.0.3440.75 Safari/537.36"
[2018-09-10T11:05:23.155] [INFO] default - ::1 - - "GET /index/-1/1?msg=%E9%AD%94%E5%B9%BB HTTP/1.1" 500 1721 "http://localhost:8080/index/-3/1?msg=2003" "Mozilla/5.0 (Windows NT 10.0; Win64; x64) AppleWebKit/537.36 (KHTML, like Gecko) Chrome/68.0.3440.75 Safari/537.36"
[2018-09-10T11:06:41.252] [INFO] default - ::1 - - "GET /index/-1/1?msg=%E9%AD%94%E5%B9%BB HTTP/1.1" 200 7877 "http://localhost:8080/index/-3/1?msg=2003" "Mozilla/5.0 (Windows NT 10.0; Win64; x64) AppleWebKit/537.36 (KHTML, like Gecko) Chrome/68.0.3440.75 Safari/537.36"
[2018-09-10T11:08:08.194] [INFO] default - ::1 - - "GET /index/-1/1?msg=%E9%AD%94%E5%B9%BB HTTP/1.1" 304 - "http://localhost:8080/index/-3/1?msg=2003" "Mozilla/5.0 (Windows NT 10.0; Win64; x64) AppleWebKit/537.36 (KHTML, like Gecko) Chrome/68.0.3440.75 Safari/537.36"
[2018-09-10T11:19:46.932] [INFO] default - ::1 - - "GET /playing HTTP/1.1" 200 124 "" "Mozilla/5.0 (Windows NT 10.0; Win64; x64) AppleWebKit/537.36 (KHTML, like Gecko) Chrome/68.0.3440.75 Safari/537.36"
[2018-09-10T11:20:02.128] [INFO] default - ::1 - - "GET /playing HTTP/1.1" 304 - "" "Mozilla/5.0 (Windows NT 10.0; Win64; x64) AppleWebKit/537.36 (KHTML, like Gecko) Chrome/68.0.3440.75 Safari/537.36"
[2018-09-10T11:20:08.387] [INFO] default - ::1 - - "GET /index/-1/1?msg=%E9%AD%94%E5%B9%BB HTTP/1.1" 302 56 "http://localhost:8080/index/-3/1?msg=2003" "Mozilla/5.0 (Windows NT 10.0; Win64; x64) AppleWebKit/537.36 (KHTML, like Gecko) Chrome/68.0.3440.75 Safari/537.36"
[2018-09-10T11:20:08.448] [INFO] default - ::1 - - "GET /login HTTP/1.1" 304 - "http://localhost:8080/index/-3/1?msg=2003" "Mozilla/5.0 (Windows NT 10.0; Win64; x64) AppleWebKit/537.36 (KHTML, like Gecko) Chrome/68.0.3440.75 Safari/537.36"
[2018-09-10T11:20:11.151] [INFO] default - ::1 - - "GET /checkuser?username=wjy&pwd=123 HTTP/1.1" 302 62 "http://localhost:8080/login" "Mozilla/5.0 (Windows NT 10.0; Win64; x64) AppleWebKit/537.36 (KHTML, like Gecko) Chrome/68.0.3440.75 Safari/537.36"
[2018-09-10T11:20:11.222] [INFO] default - ::1 - - "GET /index/0/1 HTTP/1.1" 200 8061 "http://localhost:8080/login" "Mozilla/5.0 (Windows NT 10.0; Win64; x64) AppleWebKit/537.36 (KHTML, like Gecko) Chrome/68.0.3440.75 Safari/537.36"
[2018-09-10T11:20:12.333] [INFO] default - ::1 - - "GET /playing HTTP/1.1" 304 - "http://localhost:8080/index/0/1" "Mozilla/5.0 (Windows NT 10.0; Win64; x64) AppleWebKit/537.36 (KHTML, like Gecko) Chrome/68.0.3440.75 Safari/537.36"
[2018-09-10T11:20:45.231] [INFO] default - ::1 - - "GET /playing HTTP/1.1" 304 - "http://localhost:8080/index/0/1" "Mozilla/5.0 (Windows NT 10.0; Win64; x64) AppleWebKit/537.36 (KHTML, like Gecko) Chrome/68.0.3440.75 Safari/537.36"
[2018-09-10T11:20:47.701] [INFO] default - ::1 - - "GET /playing HTTP/1.1" 304 - "http://localhost:8080/index/0/1" "Mozilla/5.0 (Windows NT 10.0; Win64; x64) AppleWebKit/537.36 (KHTML, like Gecko) Chrome/68.0.3440.75 Safari/537.36"
[2018-09-10T11:20:49.333] [INFO] default - ::1 - - "GET /index/0/1 HTTP/1.1" 200 8063 "http://localhost:8080/login" "Mozilla/5.0 (Windows NT 10.0; Win64; x64) AppleWebKit/537.36 (KHTML, like Gecko) Chrome/68.0.3440.75 Safari/537.36"
[2018-09-10T11:20:50.004] [INFO] default - ::1 - - "GET /index/0/1 HTTP/1.1" 304 - "http://localhost:8080/login" "Mozilla/5.0 (Windows NT 10.0; Win64; x64) AppleWebKit/537.36 (KHTML, like Gecko) Chrome/68.0.3440.75 Safari/537.36"
[2018-09-10T11:20:50.197] [INFO] default - ::1 - - "GET /index/0/1 HTTP/1.1" 304 - "http://localhost:8080/login" "Mozilla/5.0 (Windows NT 10.0; Win64; x64) AppleWebKit/537.36 (KHTML, like Gecko) Chrome/68.0.3440.75 Safari/537.36"
[2018-09-10T11:20:50.386] [INFO] default - ::1 - - "GET /index/0/1 HTTP/1.1" 304 - "http://localhost:8080/login" "Mozilla/5.0 (Windows NT 10.0; Win64; x64) AppleWebKit/537.36 (KHTML, like Gecko) Chrome/68.0.3440.75 Safari/537.36"
[2018-09-10T11:20:50.747] [INFO] default - ::1 - - "GET /index/0/1 HTTP/1.1" 304 - "http://localhost:8080/index/0/1" "Mozilla/5.0 (Windows NT 10.0; Win64; x64) AppleWebKit/537.36 (KHTML, like Gecko) Chrome/68.0.3440.75 Safari/537.36"
[2018-09-10T11:20:52.051] [INFO] default - ::1 - - "GET /index/0/1 HTTP/1.1" 304 - "http://localhost:8080/index/0/1" "Mozilla/5.0 (Windows NT 10.0; Win64; x64) AppleWebKit/537.36 (KHTML, like Gecko) Chrome/68.0.3440.75 Safari/537.36"
[2018-09-10T11:20:52.281] [INFO] default - ::1 - - "GET /index/0/1 HTTP/1.1" 304 - "http://localhost:8080/index/0/1" "Mozilla/5.0 (Windows NT 10.0; Win64; x64) AppleWebKit/537.36 (KHTML, like Gecko) Chrome/68.0.3440.75 Safari/537.36"
[2018-09-10T11:20:52.661] [INFO] default - ::1 - - "GET /index/0/1 HTTP/1.1" 304 - "http://localhost:8080/index/0/1" "Mozilla/5.0 (Windows NT 10.0; Win64; x64) AppleWebKit/537.36 (KHTML, like Gecko) Chrome/68.0.3440.75 Safari/537.36"
[2018-09-10T11:20:52.909] [INFO] default - ::1 - - "GET /index/0/1 HTTP/1.1" 304 - "http://localhost:8080/index/0/1" "Mozilla/5.0 (Windows NT 10.0; Win64; x64) AppleWebKit/537.36 (KHTML, like Gecko) Chrome/68.0.3440.75 Safari/537.36"
[2018-09-10T11:20:53.108] [INFO] default - ::1 - - "GET /index/0/1 HTTP/1.1" 304 - "http://localhost:8080/index/0/1" "Mozilla/5.0 (Windows NT 10.0; Win64; x64) AppleWebKit/537.36 (KHTML, like Gecko) Chrome/68.0.3440.75 Safari/537.36"
[2018-09-10T11:20:53.282] [INFO] default - ::1 - - "GET /index/0/1 HTTP/1.1" 304 - "http://localhost:8080/index/0/1" "Mozilla/5.0 (Windows NT 10.0; Win64; x64) AppleWebKit/537.36 (KHTML, like Gecko) Chrome/68.0.3440.75 Safari/537.36"
[2018-09-10T11:21:08.647] [INFO] default - ::1 - - "GET /index/0/1 HTTP/1.1" 304 - "http://localhost:8080/index/0/1" "Mozilla/5.0 (Windows NT 10.0; Win64; x64) AppleWebKit/537.36 (KHTML, like Gecko) Chrome/68.0.3440.75 Safari/537.36"
[2018-09-10T11:22:27.770] [INFO] default - ::1 - - "GET /login HTTP/1.1" 304 - "http://localhost:8080/index/-3/1?msg=2003" "Mozilla/5.0 (Windows NT 10.0; Win64; x64) AppleWebKit/537.36 (KHTML, like Gecko) Chrome/68.0.3440.75 Safari/537.36"
[2018-09-10T11:22:34.414] [INFO] default - ::1 - - "GET /checkuser?username=wjy&pwd=123 HTTP/1.1" 302 62 "http://localhost:8080/login" "Mozilla/5.0 (Windows NT 10.0; Win64; x64) AppleWebKit/537.36 (KHTML, like Gecko) Chrome/68.0.3440.75 Safari/537.36"
[2018-09-10T11:22:34.433] [INFO] default - ::1 - - "GET /index/0/1 HTTP/1.1" 200 8061 "http://localhost:8080/login" "Mozilla/5.0 (Windows NT 10.0; Win64; x64) AppleWebKit/537.36 (KHTML, like Gecko) Chrome/68.0.3440.75 Safari/537.36"
[2018-09-10T11:22:36.143] [INFO] default - ::1 - - "GET /playing HTTP/1.1" 304 - "http://localhost:8080/index/0/1" "Mozilla/5.0 (Windows NT 10.0; Win64; x64) AppleWebKit/537.36 (KHTML, like Gecko) Chrome/68.0.3440.75 Safari/537.36"
[2018-09-10T11:23:04.995] [INFO] default - ::1 - - "GET /playing HTTP/1.1" 500 2451 "http://localhost:8080/index/0/1" "Mozilla/5.0 (Windows NT 10.0; Win64; x64) AppleWebKit/537.36 (KHTML, like Gecko) Chrome/68.0.3440.75 Safari/537.36"
[2018-09-10T11:23:07.073] [INFO] default - ::1 - - "GET /playing HTTP/1.1" 500 2451 "http://localhost:8080/index/0/1" "Mozilla/5.0 (Windows NT 10.0; Win64; x64) AppleWebKit/537.36 (KHTML, like Gecko) Chrome/68.0.3440.75 Safari/537.36"
[2018-09-10T11:23:07.591] [INFO] default - ::1 - - "GET /playing HTTP/1.1" 500 2451 "http://localhost:8080/index/0/1" "Mozilla/5.0 (Windows NT 10.0; Win64; x64) AppleWebKit/537.36 (KHTML, like Gecko) Chrome/68.0.3440.75 Safari/537.36"
[2018-09-10T11:23:07.773] [INFO] default - ::1 - - "GET /playing HTTP/1.1" 500 2451 "http://localhost:8080/index/0/1" "Mozilla/5.0 (Windows NT 10.0; Win64; x64) AppleWebKit/537.36 (KHTML, like Gecko) Chrome/68.0.3440.75 Safari/537.36"
[2018-09-10T11:23:07.949] [INFO] default - ::1 - - "GET /playing HTTP/1.1" 500 2451 "http://localhost:8080/index/0/1" "Mozilla/5.0 (Windows NT 10.0; Win64; x64) AppleWebKit/537.36 (KHTML, like Gecko) Chrome/68.0.3440.75 Safari/537.36"
[2018-09-10T11:23:08.116] [INFO] default - ::1 - - "GET /playing HTTP/1.1" 500 2451 "http://localhost:8080/index/0/1" "Mozilla/5.0 (Windows NT 10.0; Win64; x64) AppleWebKit/537.36 (KHTML, like Gecko) Chrome/68.0.3440.75 Safari/537.36"
[2018-09-10T11:23:08.257] [INFO] default - ::1 - - "GET /playing HTTP/1.1" 500 2451 "http://localhost:8080/index/0/1" "Mozilla/5.0 (Windows NT 10.0; Win64; x64) AppleWebKit/537.36 (KHTML, like Gecko) Chrome/68.0.3440.75 Safari/537.36"
[2018-09-10T11:23:50.368] [INFO] default - ::1 - - "GET /playing HTTP/1.1" 500 1808 "http://localhost:8080/index/0/1" "Mozilla/5.0 (Windows NT 10.0; Win64; x64) AppleWebKit/537.36 (KHTML, like Gecko) Chrome/68.0.3440.75 Safari/537.36"
[2018-09-10T11:23:51.378] [INFO] default - ::1 - - "GET /playing HTTP/1.1" 500 1808 "http://localhost:8080/index/0/1" "Mozilla/5.0 (Windows NT 10.0; Win64; x64) AppleWebKit/537.36 (KHTML, like Gecko) Chrome/68.0.3440.75 Safari/537.36"
[2018-09-10T11:23:51.639] [INFO] default - ::1 - - "GET /playing HTTP/1.1" 500 1808 "http://localhost:8080/index/0/1" "Mozilla/5.0 (Windows NT 10.0; Win64; x64) AppleWebKit/537.36 (KHTML, like Gecko) Chrome/68.0.3440.75 Safari/537.36"
[2018-09-10T11:25:15.021] [INFO] default - ::ffff:127.0.0.1 - - "GET /playing HTTP/1.1" 302 56 "http://localhost:8080/index/0/1" "Mozilla/5.0 (Windows NT 10.0; Win64; x64) AppleWebKit/537.36 (KHTML, like Gecko) Chrome/68.0.3440.75 Safari/537.36"
[2018-09-10T11:25:15.055] [INFO] default - ::ffff:127.0.0.1 - - "GET /login HTTP/1.1" 304 - "http://localhost:8080/index/0/1" "Mozilla/5.0 (Windows NT 10.0; Win64; x64) AppleWebKit/537.36 (KHTML, like Gecko) Chrome/68.0.3440.75 Safari/537.36"
[2018-09-10T11:25:18.649] [INFO] default - ::ffff:127.0.0.1 - - "GET /checkuser?username=wjy&pwd=123 HTTP/1.1" 302 62 "http://localhost:8080/login" "Mozilla/5.0 (Windows NT 10.0; Win64; x64) AppleWebKit/537.36 (KHTML, like Gecko) Chrome/68.0.3440.75 Safari/537.36"
[2018-09-10T11:25:18.672] [INFO] default - ::ffff:127.0.0.1 - - "GET /index/0/1 HTTP/1.1" 304 - "http://localhost:8080/login" "Mozilla/5.0 (Windows NT 10.0; Win64; x64) AppleWebKit/537.36 (KHTML, like Gecko) Chrome/68.0.3440.75 Safari/537.36"
[2018-09-10T11:25:20.588] [INFO] default - ::ffff:127.0.0.1 - - "GET /playing HTTP/1.1" 200 5918 "http://localhost:8080/index/0/1" "Mozilla/5.0 (Windows NT 10.0; Win64; x64) AppleWebKit/537.36 (KHTML, like Gecko) Chrome/68.0.3440.75 Safari/537.36"
[2018-09-10T11:25:23.858] [INFO] default - ::1 - - "GET /index/0/1 HTTP/1.1" 304 - "http://localhost:8080/playing" "Mozilla/5.0 (Windows NT 10.0; Win64; x64) AppleWebKit/537.36 (KHTML, like Gecko) Chrome/68.0.3440.75 Safari/537.36"
[2018-09-10T11:25:24.304] [INFO] default - ::ffff:127.0.0.1 - - "GET /playing HTTP/1.1" 304 - "http://localhost:8080/index/0/1" "Mozilla/5.0 (Windows NT 10.0; Win64; x64) AppleWebKit/537.36 (KHTML, like Gecko) Chrome/68.0.3440.75 Safari/537.36"
[2018-09-10T11:25:25.533] [INFO] default - ::1 - - "GET /index/0/1 HTTP/1.1" 304 - "http://localhost:8080/playing" "Mozilla/5.0 (Windows NT 10.0; Win64; x64) AppleWebKit/537.36 (KHTML, like Gecko) Chrome/68.0.3440.75 Safari/537.36"
[2018-09-10T11:25:26.026] [INFO] default - ::1 - - "GET /playing HTTP/1.1" 304 - "http://localhost:8080/index/0/1" "Mozilla/5.0 (Windows NT 10.0; Win64; x64) AppleWebKit/537.36 (KHTML, like Gecko) Chrome/68.0.3440.75 Safari/537.36"
[2018-09-10T11:25:27.316] [INFO] default - ::1 - - "GET /index/0/1 HTTP/1.1" 304 - "http://localhost:8080/playing" "Mozilla/5.0 (Windows NT 10.0; Win64; x64) AppleWebKit/537.36 (KHTML, like Gecko) Chrome/68.0.3440.75 Safari/537.36"
[2018-09-10T11:25:27.810] [INFO] default - ::1 - - "GET /playing HTTP/1.1" 304 - "http://localhost:8080/index/0/1" "Mozilla/5.0 (Windows NT 10.0; Win64; x64) AppleWebKit/537.36 (KHTML, like Gecko) Chrome/68.0.3440.75 Safari/537.36"
[2018-09-10T11:26:05.726] [INFO] default - ::1 - - "GET /playing HTTP/1.1" 200 5947 "http://localhost:8080/index/0/1" "Mozilla/5.0 (Windows NT 10.0; Win64; x64) AppleWebKit/537.36 (KHTML, like Gecko) Chrome/68.0.3440.75 Safari/537.36"
[2018-09-10T11:26:06.932] [INFO] default - ::1 - - "GET /playing HTTP/1.1" 304 - "http://localhost:8080/playing" "Mozilla/5.0 (Windows NT 10.0; Win64; x64) AppleWebKit/537.36 (KHTML, like Gecko) Chrome/68.0.3440.75 Safari/537.36"
[2018-09-10T11:26:07.790] [INFO] default - ::1 - - "GET /index/0/1 HTTP/1.1" 304 - "http://localhost:8080/playing" "Mozilla/5.0 (Windows NT 10.0; Win64; x64) AppleWebKit/537.36 (KHTML, like Gecko) Chrome/68.0.3440.75 Safari/537.36"
[2018-09-10T11:26:08.538] [INFO] default - ::1 - - "GET /playing HTTP/1.1" 304 - "http://localhost:8080/index/0/1" "Mozilla/5.0 (Windows NT 10.0; Win64; x64) AppleWebKit/537.36 (KHTML, like Gecko) Chrome/68.0.3440.75 Safari/537.36"
[2018-09-10T11:26:09.439] [INFO] default - ::1 - - "GET /index/0/1 HTTP/1.1" 304 - "http://localhost:8080/playing" "Mozilla/5.0 (Windows NT 10.0; Win64; x64) AppleWebKit/537.36 (KHTML, like Gecko) Chrome/68.0.3440.75 Safari/537.36"
[2018-09-10T11:26:10.101] [INFO] default - ::1 - - "GET /playing HTTP/1.1" 304 - "http://localhost:8080/index/0/1" "Mozilla/5.0 (Windows NT 10.0; Win64; x64) AppleWebKit/537.36 (KHTML, like Gecko) Chrome/68.0.3440.75 Safari/537.36"
[2018-09-10T11:26:55.736] [INFO] default - ::1 - - "GET /playing HTTP/1.1" 200 5953 "http://localhost:8080/index/0/1" "Mozilla/5.0 (Windows NT 10.0; Win64; x64) AppleWebKit/537.36 (KHTML, like Gecko) Chrome/68.0.3440.75 Safari/537.36"
[2018-09-10T11:27:13.134] [INFO] default - ::1 - - "GET /playing HTTP/1.1" 200 5958 "http://localhost:8080/index/0/1" "Mozilla/5.0 (Windows NT 10.0; Win64; x64) AppleWebKit/537.36 (KHTML, like Gecko) Chrome/68.0.3440.75 Safari/537.36"
[2018-09-10T11:27:14.324] [INFO] default - ::1 - - "GET /playing HTTP/1.1" 304 - "http://localhost:8080/playing" "Mozilla/5.0 (Windows NT 10.0; Win64; x64) AppleWebKit/537.36 (KHTML, like Gecko) Chrome/68.0.3440.75 Safari/537.36"
[2018-09-10T11:27:14.974] [INFO] default - ::1 - - "GET /index/0/1 HTTP/1.1" 200 8070 "http://localhost:8080/playing" "Mozilla/5.0 (Windows NT 10.0; Win64; x64) AppleWebKit/537.36 (KHTML, like Gecko) Chrome/68.0.3440.75 Safari/537.36"
[2018-09-10T11:27:15.405] [INFO] default - ::1 - - "GET /playing HTTP/1.1" 304 - "http://localhost:8080/index/0/1" "Mozilla/5.0 (Windows NT 10.0; Win64; x64) AppleWebKit/537.36 (KHTML, like Gecko) Chrome/68.0.3440.75 Safari/537.36"
[2018-09-10T11:27:17.463] [INFO] default - ::1 - - "GET /index/0/1 HTTP/1.1" 304 - "http://localhost:8080/playing" "Mozilla/5.0 (Windows NT 10.0; Win64; x64) AppleWebKit/537.36 (KHTML, like Gecko) Chrome/68.0.3440.75 Safari/537.36"
[2018-09-10T11:27:17.922] [INFO] default - ::1 - - "GET /playing HTTP/1.1" 304 - "http://localhost:8080/index/0/1" "Mozilla/5.0 (Windows NT 10.0; Win64; x64) AppleWebKit/537.36 (KHTML, like Gecko) Chrome/68.0.3440.75 Safari/537.36"
[2018-09-10T11:27:24.384] [INFO] default - ::1 - - "GET /playing HTTP/1.1" 200 5949 "http://localhost:8080/index/0/1" "Mozilla/5.0 (Windows NT 10.0; Win64; x64) AppleWebKit/537.36 (KHTML, like Gecko) Chrome/68.0.3440.75 Safari/537.36"
[2018-09-10T11:27:29.390] [INFO] default - ::1 - - "GET /playing HTTP/1.1" 200 5958 "http://localhost:8080/index/0/1" "Mozilla/5.0 (Windows NT 10.0; Win64; x64) AppleWebKit/537.36 (KHTML, like Gecko) Chrome/68.0.3440.75 Safari/537.36"
[2018-09-10T11:27:58.606] [INFO] default - ::1 - - "GET /playing HTTP/1.1" 200 5955 "http://localhost:8080/index/0/1" "Mozilla/5.0 (Windows NT 10.0; Win64; x64) AppleWebKit/537.36 (KHTML, like Gecko) Chrome/68.0.3440.75 Safari/537.36"
[2018-09-10T11:28:01.742] [INFO] default - ::1 - - "GET /index/0/1 HTTP/1.1" 200 8067 "http://localhost:8080/playing" "Mozilla/5.0 (Windows NT 10.0; Win64; x64) AppleWebKit/537.36 (KHTML, like Gecko) Chrome/68.0.3440.75 Safari/537.36"
[2018-09-10T11:28:02.476] [INFO] default - ::1 - - "GET /playing HTTP/1.1" 304 - "http://localhost:8080/index/0/1" "Mozilla/5.0 (Windows NT 10.0; Win64; x64) AppleWebKit/537.36 (KHTML, like Gecko) Chrome/68.0.3440.75 Safari/537.36"
[2018-09-10T11:28:04.130] [INFO] default - ::1 - - "GET /playing HTTP/1.1" 304 - "http://localhost:8080/playing" "Mozilla/5.0 (Windows NT 10.0; Win64; x64) AppleWebKit/537.36 (KHTML, like Gecko) Chrome/68.0.3440.75 Safari/537.36"
[2018-09-10T11:28:07.054] [INFO] default - ::1 - - "GET /index/0/1 HTTP/1.1" 304 - "http://localhost:8080/playing" "Mozilla/5.0 (Windows NT 10.0; Win64; x64) AppleWebKit/537.36 (KHTML, like Gecko) Chrome/68.0.3440.75 Safari/537.36"
[2018-09-10T11:28:07.698] [INFO] default - ::1 - - "GET /playing HTTP/1.1" 304 - "http://localhost:8080/index/0/1" "Mozilla/5.0 (Windows NT 10.0; Win64; x64) AppleWebKit/537.36 (KHTML, like Gecko) Chrome/68.0.3440.75 Safari/537.36"
[2018-09-10T11:28:10.594] [INFO] default - ::1 - - "GET /playing HTTP/1.1" 304 - "http://localhost:8080/playing" "Mozilla/5.0 (Windows NT 10.0; Win64; x64) AppleWebKit/537.36 (KHTML, like Gecko) Chrome/68.0.3440.75 Safari/537.36"
[2018-09-10T11:28:24.957] [INFO] default - ::1 - - "GET /playing HTTP/1.1" 200 5940 "http://localhost:8080/playing" "Mozilla/5.0 (Windows NT 10.0; Win64; x64) AppleWebKit/537.36 (KHTML, like Gecko) Chrome/68.0.3440.75 Safari/537.36"
[2018-09-10T11:28:26.651] [INFO] default - ::1 - - "GET /index/0/1 HTTP/1.1" 200 8052 "http://localhost:8080/playing" "Mozilla/5.0 (Windows NT 10.0; Win64; x64) AppleWebKit/537.36 (KHTML, like Gecko) Chrome/68.0.3440.75 Safari/537.36"
[2018-09-10T11:28:28.100] [INFO] default - ::1 - - "GET /playing HTTP/1.1" 304 - "http://localhost:8080/index/0/1" "Mozilla/5.0 (Windows NT 10.0; Win64; x64) AppleWebKit/537.36 (KHTML, like Gecko) Chrome/68.0.3440.75 Safari/537.36"
[2018-09-10T11:28:29.568] [INFO] default - ::1 - - "GET /index/0/1 HTTP/1.1" 304 - "http://localhost:8080/playing" "Mozilla/5.0 (Windows NT 10.0; Win64; x64) AppleWebKit/537.36 (KHTML, like Gecko) Chrome/68.0.3440.75 Safari/537.36"
[2018-09-10T11:28:30.038] [INFO] default - ::1 - - "GET /playing HTTP/1.1" 304 - "http://localhost:8080/index/0/1" "Mozilla/5.0 (Windows NT 10.0; Win64; x64) AppleWebKit/537.36 (KHTML, like Gecko) Chrome/68.0.3440.75 Safari/537.36"
[2018-09-10T11:28:50.185] [INFO] default - ::1 - - "GET /index/0/1 HTTP/1.1" 200 8067 "http://localhost:8080/playing" "Mozilla/5.0 (Windows NT 10.0; Win64; x64) AppleWebKit/537.36 (KHTML, like Gecko) Chrome/68.0.3440.75 Safari/537.36"
[2018-09-10T11:28:51.115] [INFO] default - ::1 - - "GET /playing HTTP/1.1" 200 5955 "http://localhost:8080/index/0/1" "Mozilla/5.0 (Windows NT 10.0; Win64; x64) AppleWebKit/537.36 (KHTML, like Gecko) Chrome/68.0.3440.75 Safari/537.36"
[2018-09-10T11:28:52.379] [INFO] default - ::1 - - "GET /index/0/1 HTTP/1.1" 304 - "http://localhost:8080/playing" "Mozilla/5.0 (Windows NT 10.0; Win64; x64) AppleWebKit/537.36 (KHTML, like Gecko) Chrome/68.0.3440.75 Safari/537.36"
[2018-09-10T11:28:52.938] [INFO] default - ::1 - - "GET /playing HTTP/1.1" 304 - "http://localhost:8080/index/0/1" "Mozilla/5.0 (Windows NT 10.0; Win64; x64) AppleWebKit/537.36 (KHTML, like Gecko) Chrome/68.0.3440.75 Safari/537.36"
[2018-09-10T11:28:53.869] [INFO] default - ::1 - - "GET /index/0/1 HTTP/1.1" 304 - "http://localhost:8080/playing" "Mozilla/5.0 (Windows NT 10.0; Win64; x64) AppleWebKit/537.36 (KHTML, like Gecko) Chrome/68.0.3440.75 Safari/537.36"
[2018-09-10T11:28:54.516] [INFO] default - ::1 - - "GET /playing HTTP/1.1" 304 - "http://localhost:8080/index/0/1" "Mozilla/5.0 (Windows NT 10.0; Win64; x64) AppleWebKit/537.36 (KHTML, like Gecko) Chrome/68.0.3440.75 Safari/537.36"
[2018-09-10T12:09:33.907] [INFO] default - ::1 - - "GET /playing HTTP/1.1" 302 56 "http://localhost:8080/index/0/1" "Mozilla/5.0 (Windows NT 10.0; Win64; x64) AppleWebKit/537.36 (KHTML, like Gecko) Chrome/68.0.3440.75 Safari/537.36"
[2018-09-10T12:09:33.933] [INFO] default - ::1 - - "GET /login HTTP/1.1" 304 - "http://localhost:8080/index/0/1" "Mozilla/5.0 (Windows NT 10.0; Win64; x64) AppleWebKit/537.36 (KHTML, like Gecko) Chrome/68.0.3440.75 Safari/537.36"
[2018-09-10T12:09:38.909] [INFO] default - ::1 - - "GET /checkuser?username=wjy&pwd=123 HTTP/1.1" 302 62 "http://localhost:8080/login" "Mozilla/5.0 (Windows NT 10.0; Win64; x64) AppleWebKit/537.36 (KHTML, like Gecko) Chrome/68.0.3440.75 Safari/537.36"
[2018-09-10T12:09:39.024] [INFO] default - ::1 - - "GET /index/0/1 HTTP/1.1" 304 - "http://localhost:8080/login" "Mozilla/5.0 (Windows NT 10.0; Win64; x64) AppleWebKit/537.36 (KHTML, like Gecko) Chrome/68.0.3440.75 Safari/537.36"
[2018-09-10T12:09:44.097] [INFO] default - ::1 - - "GET /playing HTTP/1.1" 200 5955 "http://localhost:8080/index/0/1" "Mozilla/5.0 (Windows NT 10.0; Win64; x64) AppleWebKit/537.36 (KHTML, like Gecko) Chrome/68.0.3440.75 Safari/537.36"
[2018-09-10T12:09:45.503] [INFO] default - ::1 - - "GET /index/0/1 HTTP/1.1" 304 - "http://localhost:8080/playing" "Mozilla/5.0 (Windows NT 10.0; Win64; x64) AppleWebKit/537.36 (KHTML, like Gecko) Chrome/68.0.3440.75 Safari/537.36"
[2018-09-10T12:09:46.530] [INFO] default - ::1 - - "GET /playing HTTP/1.1" 304 - "http://localhost:8080/index/0/1" "Mozilla/5.0 (Windows NT 10.0; Win64; x64) AppleWebKit/537.36 (KHTML, like Gecko) Chrome/68.0.3440.75 Safari/537.36"
[2018-09-10T12:09:47.422] [INFO] default - ::1 - - "GET /index/0/1 HTTP/1.1" 304 - "http://localhost:8080/playing" "Mozilla/5.0 (Windows NT 10.0; Win64; x64) AppleWebKit/537.36 (KHTML, like Gecko) Chrome/68.0.3440.75 Safari/537.36"
[2018-09-10T12:09:47.978] [INFO] default - ::1 - - "GET /playing HTTP/1.1" 304 - "http://localhost:8080/index/0/1" "Mozilla/5.0 (Windows NT 10.0; Win64; x64) AppleWebKit/537.36 (KHTML, like Gecko) Chrome/68.0.3440.75 Safari/537.36"
[2018-09-10T12:09:48.509] [INFO] default - ::1 - - "GET /index/0/1 HTTP/1.1" 304 - "http://localhost:8080/playing" "Mozilla/5.0 (Windows NT 10.0; Win64; x64) AppleWebKit/537.36 (KHTML, like Gecko) Chrome/68.0.3440.75 Safari/537.36"
[2018-09-10T12:09:48.923] [INFO] default - ::1 - - "GET /playing HTTP/1.1" 304 - "http://localhost:8080/index/0/1" "Mozilla/5.0 (Windows NT 10.0; Win64; x64) AppleWebKit/537.36 (KHTML, like Gecko) Chrome/68.0.3440.75 Safari/537.36"
[2018-09-10T12:09:51.239] [INFO] default - ::1 - - "GET /index/0/1 HTTP/1.1" 304 - "http://localhost:8080/playing" "Mozilla/5.0 (Windows NT 10.0; Win64; x64) AppleWebKit/537.36 (KHTML, like Gecko) Chrome/68.0.3440.75 Safari/537.36"
[2018-09-10T12:09:54.081] [INFO] default - ::1 - - "GET /playing HTTP/1.1" 304 - "http://localhost:8080/index/0/1" "Mozilla/5.0 (Windows NT 10.0; Win64; x64) AppleWebKit/537.36 (KHTML, like Gecko) Chrome/68.0.3440.75 Safari/537.36"
[2018-09-10T12:09:54.689] [INFO] default - ::1 - - "GET /index/0/1 HTTP/1.1" 304 - "http://localhost:8080/playing" "Mozilla/5.0 (Windows NT 10.0; Win64; x64) AppleWebKit/537.36 (KHTML, like Gecko) Chrome/68.0.3440.75 Safari/537.36"
[2018-09-10T12:10:31.055] [INFO] default - ::1 - - "GET /index/0/1 HTTP/1.1" 200 8081 "http://localhost:8080/playing" "Mozilla/5.0 (Windows NT 10.0; Win64; x64) AppleWebKit/537.36 (KHTML, like Gecko) Chrome/68.0.3440.75 Safari/537.36"
[2018-09-10T12:10:32.228] [INFO] default - ::1 - - "GET /index/0/1 HTTP/1.1" 304 - "http://localhost:8080/playing" "Mozilla/5.0 (Windows NT 10.0; Win64; x64) AppleWebKit/537.36 (KHTML, like Gecko) Chrome/68.0.3440.75 Safari/537.36"
[2018-09-10T12:10:39.481] [INFO] default - ::1 - - "GET /index/0/1 HTTP/1.1" 200 8067 "http://localhost:8080/playing" "Mozilla/5.0 (Windows NT 10.0; Win64; x64) AppleWebKit/537.36 (KHTML, like Gecko) Chrome/68.0.3440.75 Safari/537.36"
[2018-09-10T12:10:40.433] [INFO] default - ::1 - - "GET /index/0/1 HTTP/1.1" 304 - "http://localhost:8080/playing" "Mozilla/5.0 (Windows NT 10.0; Win64; x64) AppleWebKit/537.36 (KHTML, like Gecko) Chrome/68.0.3440.75 Safari/537.36"
[2018-09-10T12:10:40.730] [INFO] default - ::1 - - "GET /index/0/1 HTTP/1.1" 304 - "http://localhost:8080/playing" "Mozilla/5.0 (Windows NT 10.0; Win64; x64) AppleWebKit/537.36 (KHTML, like Gecko) Chrome/68.0.3440.75 Safari/537.36"
[2018-09-10T12:10:41.010] [INFO] default - ::1 - - "GET /index/0/1 HTTP/1.1" 304 - "http://localhost:8080/playing" "Mozilla/5.0 (Windows NT 10.0; Win64; x64) AppleWebKit/537.36 (KHTML, like Gecko) Chrome/68.0.3440.75 Safari/537.36"
[2018-09-10T12:10:41.232] [INFO] default - ::1 - - "GET /index/0/1 HTTP/1.1" 304 - "http://localhost:8080/playing" "Mozilla/5.0 (Windows NT 10.0; Win64; x64) AppleWebKit/537.36 (KHTML, like Gecko) Chrome/68.0.3440.75 Safari/537.36"
[2018-09-10T12:10:41.512] [INFO] default - ::1 - - "GET /index/0/1 HTTP/1.1" 304 - "http://localhost:8080/playing" "Mozilla/5.0 (Windows NT 10.0; Win64; x64) AppleWebKit/537.36 (KHTML, like Gecko) Chrome/68.0.3440.75 Safari/537.36"
[2018-09-10T12:10:41.622] [INFO] default - ::1 - - "GET /index/0/1 HTTP/1.1" 304 - "http://localhost:8080/playing" "Mozilla/5.0 (Windows NT 10.0; Win64; x64) AppleWebKit/537.36 (KHTML, like Gecko) Chrome/68.0.3440.75 Safari/537.36"
[2018-09-10T12:10:57.324] [INFO] default - ::1 - - "GET /index/0/1 HTTP/1.1" 200 8064 "http://localhost:8080/playing" "Mozilla/5.0 (Windows NT 10.0; Win64; x64) AppleWebKit/537.36 (KHTML, like Gecko) Chrome/68.0.3440.75 Safari/537.36"
[2018-09-10T12:11:17.421] [INFO] default - ::1 - - "GET /index/0/1 HTTP/1.1" 200 8103 "http://localhost:8080/playing" "Mozilla/5.0 (Windows NT 10.0; Win64; x64) AppleWebKit/537.36 (KHTML, like Gecko) Chrome/68.0.3440.75 Safari/537.36"
[2018-09-10T12:11:24.995] [INFO] default - ::1 - - "GET /index/0/1 HTTP/1.1" 200 8089 "http://localhost:8080/playing" "Mozilla/5.0 (Windows NT 10.0; Win64; x64) AppleWebKit/537.36 (KHTML, like Gecko) Chrome/68.0.3440.75 Safari/537.36"
[2018-09-10T12:11:42.383] [INFO] default - ::1 - - "GET /index/0/1 HTTP/1.1" 200 8106 "http://localhost:8080/playing" "Mozilla/5.0 (Windows NT 10.0; Win64; x64) AppleWebKit/537.36 (KHTML, like Gecko) Chrome/68.0.3440.75 Safari/537.36"
[2018-09-10T12:11:44.766] [INFO] default - ::1 - - "GET /playing HTTP/1.1" 200 5994 "http://localhost:8080/index/0/1" "Mozilla/5.0 (Windows NT 10.0; Win64; x64) AppleWebKit/537.36 (KHTML, like Gecko) Chrome/68.0.3440.75 Safari/537.36"
[2018-09-10T12:11:46.113] [INFO] default - ::1 - - "GET /index/0/1 HTTP/1.1" 304 - "http://localhost:8080/playing" "Mozilla/5.0 (Windows NT 10.0; Win64; x64) AppleWebKit/537.36 (KHTML, like Gecko) Chrome/68.0.3440.75 Safari/537.36"
[2018-09-10T12:11:46.549] [INFO] default - ::1 - - "GET /playing HTTP/1.1" 304 - "http://localhost:8080/index/0/1" "Mozilla/5.0 (Windows NT 10.0; Win64; x64) AppleWebKit/537.36 (KHTML, like Gecko) Chrome/68.0.3440.75 Safari/537.36"
[2018-09-10T13:37:00.610] [INFO] default - ::1 - - "GET /playing HTTP/1.1" 302 56 "http://localhost:8080/index/0/1" "Mozilla/5.0 (Windows NT 10.0; Win64; x64) AppleWebKit/537.36 (KHTML, like Gecko) Chrome/68.0.3440.75 Safari/537.36"
[2018-09-10T13:37:00.658] [INFO] default - ::1 - - "GET /login HTTP/1.1" 304 - "http://localhost:8080/index/0/1" "Mozilla/5.0 (Windows NT 10.0; Win64; x64) AppleWebKit/537.36 (KHTML, like Gecko) Chrome/68.0.3440.75 Safari/537.36"
[2018-09-10T13:37:08.325] [INFO] default - ::1 - - "GET /checkuser?username=wjy&pwd=123 HTTP/1.1" 302 62 "http://localhost:8080/login" "Mozilla/5.0 (Windows NT 10.0; Win64; x64) AppleWebKit/537.36 (KHTML, like Gecko) Chrome/68.0.3440.75 Safari/537.36"
[2018-09-10T13:37:08.416] [INFO] default - ::1 - - "GET /index/0/1 HTTP/1.1" 304 - "http://localhost:8080/login" "Mozilla/5.0 (Windows NT 10.0; Win64; x64) AppleWebKit/537.36 (KHTML, like Gecko) Chrome/68.0.3440.75 Safari/537.36"
[2018-09-10T14:17:30.186] [INFO] default - ::1 - - "GET /index/0/1 HTTP/1.1" 302 56 "http://localhost:8080/login" "Mozilla/5.0 (Windows NT 10.0; Win64; x64) AppleWebKit/537.36 (KHTML, like Gecko) Chrome/68.0.3440.75 Safari/537.36"
[2018-09-10T14:17:33.692] [INFO] default - ::1 - - "GET /login HTTP/1.1" 304 - "http://localhost:8080/login" "Mozilla/5.0 (Windows NT 10.0; Win64; x64) AppleWebKit/537.36 (KHTML, like Gecko) Chrome/68.0.3440.75 Safari/537.36"
[2018-09-10T14:17:37.831] [INFO] default - ::1 - - "GET /checkuser?username=wjy&pwd=123 HTTP/1.1" 302 62 "http://localhost:8080/login" "Mozilla/5.0 (Windows NT 10.0; Win64; x64) AppleWebKit/537.36 (KHTML, like Gecko) Chrome/68.0.3440.75 Safari/537.36"
[2018-09-10T14:17:37.911] [INFO] default - ::1 - - "GET /index/0/1 HTTP/1.1" 200 8104 "http://localhost:8080/login" "Mozilla/5.0 (Windows NT 10.0; Win64; x64) AppleWebKit/537.36 (KHTML, like Gecko) Chrome/68.0.3440.75 Safari/537.36"
[2018-09-10T14:17:41.049] [INFO] default - ::1 - - "GET /playing HTTP/1.1" 200 5993 "http://localhost:8080/index/0/1" "Mozilla/5.0 (Windows NT 10.0; Win64; x64) AppleWebKit/537.36 (KHTML, like Gecko) Chrome/68.0.3440.75 Safari/537.36"
[2018-09-10T14:41:22.617] [INFO] default - ::1 - - "GET /index/0/1 HTTP/1.1" 304 - "http://localhost:8080/playing" "Mozilla/5.0 (Windows NT 10.0; Win64; x64) AppleWebKit/537.36 (KHTML, like Gecko) Chrome/68.0.3440.75 Safari/537.36"
[2018-09-10T14:41:48.993] [INFO] default - ::1 - - "GET /playing HTTP/1.1" 500 2789 "http://localhost:8080/index/0/1" "Mozilla/5.0 (Windows NT 10.0; Win64; x64) AppleWebKit/537.36 (KHTML, like Gecko) Chrome/68.0.3440.75 Safari/537.36"
[2018-09-10T14:42:24.268] [INFO] default - ::1 - - "GET /playing HTTP/1.1" 200 6267 "http://localhost:8080/index/0/1" "Mozilla/5.0 (Windows NT 10.0; Win64; x64) AppleWebKit/537.36 (KHTML, like Gecko) Chrome/68.0.3440.75 Safari/537.36"
[2018-09-10T14:42:24.310] [INFO] default - ::1 - - "GET /public/upload/ HTTP/1.1" 404 153 "http://localhost:8080/playing" "Mozilla/5.0 (Windows NT 10.0; Win64; x64) AppleWebKit/537.36 (KHTML, like Gecko) Chrome/68.0.3440.75 Safari/537.36"
[2018-09-10T14:42:26.357] [INFO] default - ::1 - - "GET /playing HTTP/1.1" 304 - "http://localhost:8080/playing" "Mozilla/5.0 (Windows NT 10.0; Win64; x64) AppleWebKit/537.36 (KHTML, like Gecko) Chrome/68.0.3440.75 Safari/537.36"
[2018-09-10T14:42:26.374] [INFO] default - ::1 - - "GET /public/upload/ HTTP/1.1" 404 153 "http://localhost:8080/playing" "Mozilla/5.0 (Windows NT 10.0; Win64; x64) AppleWebKit/537.36 (KHTML, like Gecko) Chrome/68.0.3440.75 Safari/537.36"
[2018-09-10T14:42:27.984] [INFO] default - ::1 - - "GET /index/0/1 HTTP/1.1" 304 - "http://localhost:8080/playing" "Mozilla/5.0 (Windows NT 10.0; Win64; x64) AppleWebKit/537.36 (KHTML, like Gecko) Chrome/68.0.3440.75 Safari/537.36"
[2018-09-10T14:42:28.863] [INFO] default - ::1 - - "GET /playing HTTP/1.1" 304 - "http://localhost:8080/index/0/1" "Mozilla/5.0 (Windows NT 10.0; Win64; x64) AppleWebKit/537.36 (KHTML, like Gecko) Chrome/68.0.3440.75 Safari/537.36"
[2018-09-10T14:42:28.885] [INFO] default - ::1 - - "GET /public/upload/ HTTP/1.1" 404 153 "http://localhost:8080/playing" "Mozilla/5.0 (Windows NT 10.0; Win64; x64) AppleWebKit/537.36 (KHTML, like Gecko) Chrome/68.0.3440.75 Safari/537.36"
[2018-09-10T14:42:29.685] [INFO] default - ::1 - - "GET /index/0/1 HTTP/1.1" 304 - "http://localhost:8080/playing" "Mozilla/5.0 (Windows NT 10.0; Win64; x64) AppleWebKit/537.36 (KHTML, like Gecko) Chrome/68.0.3440.75 Safari/537.36"
[2018-09-10T14:42:30.373] [INFO] default - ::1 - - "GET /playing HTTP/1.1" 304 - "http://localhost:8080/index/0/1" "Mozilla/5.0 (Windows NT 10.0; Win64; x64) AppleWebKit/537.36 (KHTML, like Gecko) Chrome/68.0.3440.75 Safari/537.36"
[2018-09-10T14:42:30.398] [INFO] default - ::1 - - "GET /public/upload/ HTTP/1.1" 404 153 "http://localhost:8080/playing" "Mozilla/5.0 (Windows NT 10.0; Win64; x64) AppleWebKit/537.36 (KHTML, like Gecko) Chrome/68.0.3440.75 Safari/537.36"
[2018-09-10T14:42:31.102] [INFO] default - ::1 - - "GET /index/0/1 HTTP/1.1" 304 - "http://localhost:8080/playing" "Mozilla/5.0 (Windows NT 10.0; Win64; x64) AppleWebKit/537.36 (KHTML, like Gecko) Chrome/68.0.3440.75 Safari/537.36"
[2018-09-10T14:42:31.588] [INFO] default - ::1 - - "GET /playing HTTP/1.1" 304 - "http://localhost:8080/index/0/1" "Mozilla/5.0 (Windows NT 10.0; Win64; x64) AppleWebKit/537.36 (KHTML, like Gecko) Chrome/68.0.3440.75 Safari/537.36"
[2018-09-10T14:42:31.609] [INFO] default - ::1 - - "GET /public/upload/ HTTP/1.1" 404 153 "http://localhost:8080/playing" "Mozilla/5.0 (Windows NT 10.0; Win64; x64) AppleWebKit/537.36 (KHTML, like Gecko) Chrome/68.0.3440.75 Safari/537.36"
[2018-09-10T14:42:33.276] [INFO] default - ::1 - - "GET /index/0/1 HTTP/1.1" 304 - "http://localhost:8080/playing" "Mozilla/5.0 (Windows NT 10.0; Win64; x64) AppleWebKit/537.36 (KHTML, like Gecko) Chrome/68.0.3440.75 Safari/537.36"
[2018-09-10T14:42:34.157] [INFO] default - ::1 - - "GET /playing HTTP/1.1" 304 - "http://localhost:8080/index/0/1" "Mozilla/5.0 (Windows NT 10.0; Win64; x64) AppleWebKit/537.36 (KHTML, like Gecko) Chrome/68.0.3440.75 Safari/537.36"
[2018-09-10T14:42:34.178] [INFO] default - ::1 - - "GET /public/upload/ HTTP/1.1" 404 153 "http://localhost:8080/playing" "Mozilla/5.0 (Windows NT 10.0; Win64; x64) AppleWebKit/537.36 (KHTML, like Gecko) Chrome/68.0.3440.75 Safari/537.36"
[2018-09-10T15:11:47.598] [INFO] default - ::1 - - "GET /playing HTTP/1.1" 302 56 "http://localhost:8080/index/0/1" "Mozilla/5.0 (Windows NT 10.0; Win64; x64) AppleWebKit/537.36 (KHTML, like Gecko) Chrome/68.0.3440.75 Safari/537.36"
[2018-09-10T15:11:47.635] [INFO] default - ::1 - - "GET /login HTTP/1.1" 304 - "http://localhost:8080/index/0/1" "Mozilla/5.0 (Windows NT 10.0; Win64; x64) AppleWebKit/537.36 (KHTML, like Gecko) Chrome/68.0.3440.75 Safari/537.36"
[2018-09-10T15:11:51.308] [INFO] default - ::1 - - "GET /checkuser?username=wjy&pwd=123 HTTP/1.1" 302 62 "http://localhost:8080/login" "Mozilla/5.0 (Windows NT 10.0; Win64; x64) AppleWebKit/537.36 (KHTML, like Gecko) Chrome/68.0.3440.75 Safari/537.36"
[2018-09-10T15:11:51.326] [INFO] default - ::1 - - "GET /index/0/1 HTTP/1.1" 304 - "http://localhost:8080/login" "Mozilla/5.0 (Windows NT 10.0; Win64; x64) AppleWebKit/537.36 (KHTML, like Gecko) Chrome/68.0.3440.75 Safari/537.36"
[2018-09-10T15:11:52.835] [INFO] default - ::1 - - "GET /playing HTTP/1.1" 200 6267 "http://localhost:8080/index/0/1" "Mozilla/5.0 (Windows NT 10.0; Win64; x64) AppleWebKit/537.36 (KHTML, like Gecko) Chrome/68.0.3440.75 Safari/537.36"
[2018-09-10T15:11:52.863] [INFO] default - ::1 - - "GET /public/upload/ HTTP/1.1" 404 153 "http://localhost:8080/playing" "Mozilla/5.0 (Windows NT 10.0; Win64; x64) AppleWebKit/537.36 (KHTML, like Gecko) Chrome/68.0.3440.75 Safari/537.36"
[2018-09-10T15:12:42.776] [INFO] default - ::1 - - "GET /playing HTTP/1.1" 302 56 "http://localhost:8080/index/0/1" "Mozilla/5.0 (Windows NT 10.0; Win64; x64) AppleWebKit/537.36 (KHTML, like Gecko) Chrome/68.0.3440.75 Safari/537.36"
[2018-09-10T15:12:42.783] [INFO] default - ::1 - - "GET /login HTTP/1.1" 200 1064 "http://localhost:8080/index/0/1" "Mozilla/5.0 (Windows NT 10.0; Win64; x64) AppleWebKit/537.36 (KHTML, like Gecko) Chrome/68.0.3440.75 Safari/537.36"
[2018-09-10T15:12:47.362] [INFO] default - ::1 - - "GET /checkuser?username=wjy&pwd=123 HTTP/1.1" 302 62 "http://localhost:8080/login" "Mozilla/5.0 (Windows NT 10.0; Win64; x64) AppleWebKit/537.36 (KHTML, like Gecko) Chrome/68.0.3440.75 Safari/537.36"
[2018-09-10T15:12:47.377] [INFO] default - ::1 - - "GET /index/0/1 HTTP/1.1" 304 - "http://localhost:8080/login" "Mozilla/5.0 (Windows NT 10.0; Win64; x64) AppleWebKit/537.36 (KHTML, like Gecko) Chrome/68.0.3440.75 Safari/537.36"
[2018-09-10T15:12:48.254] [INFO] default - ::1 - - "GET /playing HTTP/1.1" 200 6267 "http://localhost:8080/index/0/1" "Mozilla/5.0 (Windows NT 10.0; Win64; x64) AppleWebKit/537.36 (KHTML, like Gecko) Chrome/68.0.3440.75 Safari/537.36"
[2018-09-10T15:12:48.283] [INFO] default - ::1 - - "GET /public/upload/ HTTP/1.1" 404 153 "http://localhost:8080/playing" "Mozilla/5.0 (Windows NT 10.0; Win64; x64) AppleWebKit/537.36 (KHTML, like Gecko) Chrome/68.0.3440.75 Safari/537.36"
[2018-09-10T15:13:41.820] [INFO] default - ::ffff:127.0.0.1 - - "GET /login HTTP/1.1" 304 - "http://localhost:8080/index/0/1" "Mozilla/5.0 (Windows NT 10.0; Win64; x64) AppleWebKit/537.36 (KHTML, like Gecko) Chrome/68.0.3440.75 Safari/537.36"
[2018-09-10T15:13:48.588] [INFO] default - ::1 - - "GET /checkuser?username=wjy&pwd=123 HTTP/1.1" 302 62 "http://localhost:8080/login" "Mozilla/5.0 (Windows NT 10.0; Win64; x64) AppleWebKit/537.36 (KHTML, like Gecko) Chrome/68.0.3440.75 Safari/537.36"
[2018-09-10T15:13:48.606] [INFO] default - ::1 - - "GET /index/0/1 HTTP/1.1" 304 - "http://localhost:8080/login" "Mozilla/5.0 (Windows NT 10.0; Win64; x64) AppleWebKit/537.36 (KHTML, like Gecko) Chrome/68.0.3440.75 Safari/537.36"
[2018-09-10T15:13:49.810] [INFO] default - ::1 - - "GET /playing HTTP/1.1" 200 6267 "http://localhost:8080/index/0/1" "Mozilla/5.0 (Windows NT 10.0; Win64; x64) AppleWebKit/537.36 (KHTML, like Gecko) Chrome/68.0.3440.75 Safari/537.36"
[2018-09-10T15:13:49.840] [INFO] default - ::1 - - "GET /public/upload/ HTTP/1.1" 404 153 "http://localhost:8080/playing" "Mozilla/5.0 (Windows NT 10.0; Win64; x64) AppleWebKit/537.36 (KHTML, like Gecko) Chrome/68.0.3440.75 Safari/537.36"
[2018-09-10T15:16:56.782] [INFO] default - ::1 - - "GET /playing HTTP/1.1" 304 - "http://localhost:8080/index/0/1" "Mozilla/5.0 (Windows NT 10.0; Win64; x64) AppleWebKit/537.36 (KHTML, like Gecko) Chrome/68.0.3440.75 Safari/537.36"
[2018-09-10T15:17:11.428] [INFO] default - ::1 - - "GET /playing HTTP/1.1" 302 56 "http://localhost:8080/index/0/1" "Mozilla/5.0 (Windows NT 10.0; Win64; x64) AppleWebKit/537.36 (KHTML, like Gecko) Chrome/68.0.3440.75 Safari/537.36"
[2018-09-10T15:17:11.442] [INFO] default - ::1 - - "GET /login HTTP/1.1" 304 - "http://localhost:8080/index/0/1" "Mozilla/5.0 (Windows NT 10.0; Win64; x64) AppleWebKit/537.36 (KHTML, like Gecko) Chrome/68.0.3440.75 Safari/537.36"
[2018-09-10T15:17:15.084] [INFO] default - ::1 - - "GET /checkuser?username=wjy&pwd=123 HTTP/1.1" 302 62 "http://localhost:8080/login" "Mozilla/5.0 (Windows NT 10.0; Win64; x64) AppleWebKit/537.36 (KHTML, like Gecko) Chrome/68.0.3440.75 Safari/537.36"
[2018-09-10T15:17:15.101] [INFO] default - ::1 - - "GET /index/0/1 HTTP/1.1" 304 - "http://localhost:8080/login" "Mozilla/5.0 (Windows NT 10.0; Win64; x64) AppleWebKit/537.36 (KHTML, like Gecko) Chrome/68.0.3440.75 Safari/537.36"
[2018-09-10T15:17:17.530] [INFO] default - ::1 - - "GET /playing HTTP/1.1" 200 6267 "http://localhost:8080/index/0/1" "Mozilla/5.0 (Windows NT 10.0; Win64; x64) AppleWebKit/537.36 (KHTML, like Gecko) Chrome/68.0.3440.75 Safari/537.36"
[2018-09-10T15:17:17.558] [INFO] default - ::1 - - "GET /public/upload/ HTTP/1.1" 404 153 "http://localhost:8080/playing" "Mozilla/5.0 (Windows NT 10.0; Win64; x64) AppleWebKit/537.36 (KHTML, like Gecko) Chrome/68.0.3440.75 Safari/537.36"
[2018-09-10T15:17:50.688] [INFO] default - ::1 - - "GET /playing HTTP/1.1" 304 - "http://localhost:8080/index/0/1" "Mozilla/5.0 (Windows NT 10.0; Win64; x64) AppleWebKit/537.36 (KHTML, like Gecko) Chrome/68.0.3440.75 Safari/537.36"
[2018-09-10T15:17:58.858] [INFO] default - ::1 - - "GET /playing HTTP/1.1" 302 56 "" "Mozilla/5.0 (Windows NT 10.0; Win64; x64) AppleWebKit/537.36 (KHTML, like Gecko) Chrome/68.0.3440.75 Safari/537.36"
[2018-09-10T15:18:02.203] [INFO] default - ::1 - - "GET /login HTTP/1.1" 304 - "" "Mozilla/5.0 (Windows NT 10.0; Win64; x64) AppleWebKit/537.36 (KHTML, like Gecko) Chrome/68.0.3440.75 Safari/537.36"
[2018-09-10T15:18:06.516] [INFO] default - ::1 - - "GET /checkuser?username=wjy&pwd=123 HTTP/1.1" 302 62 "http://localhost:8080/login" "Mozilla/5.0 (Windows NT 10.0; Win64; x64) AppleWebKit/537.36 (KHTML, like Gecko) Chrome/68.0.3440.75 Safari/537.36"
[2018-09-10T15:18:09.054] [INFO] default - ::1 - - "GET /index/0/1 HTTP/1.1" 304 - "http://localhost:8080/login" "Mozilla/5.0 (Windows NT 10.0; Win64; x64) AppleWebKit/537.36 (KHTML, like Gecko) Chrome/68.0.3440.75 Safari/537.36"
[2018-09-10T15:18:10.515] [INFO] default - ::1 - - "GET /playing HTTP/1.1" 200 6267 "http://localhost:8080/index/0/1" "Mozilla/5.0 (Windows NT 10.0; Win64; x64) AppleWebKit/537.36 (KHTML, like Gecko) Chrome/68.0.3440.75 Safari/537.36"
[2018-09-10T15:18:10.543] [INFO] default - ::1 - - "GET /public/upload/ HTTP/1.1" 404 153 "http://localhost:8080/playing" "Mozilla/5.0 (Windows NT 10.0; Win64; x64) AppleWebKit/537.36 (KHTML, like Gecko) Chrome/68.0.3440.75 Safari/537.36"
